{"C:\\Users\\d976640\\Documents\\skillenhance_OAuth _docker\\modules\\answers\\answers.js": {"path":"C:\\Users\\d976640\\Documents\\skillenhance_OAuth _docker\\modules\\answers\\answers.js","statementMap":{"0":{"start":{"line":1,"column":16},"end":{"line":1,"column":34}},"1":{"start":{"line":2,"column":12},"end":{"line":2,"column":21}},"2":{"start":{"line":3,"column":0},"end":{"line":3,"column":44}},"3":{"start":{"line":4,"column":0},"end":{"line":4,"column":23}},"4":{"start":{"line":5,"column":0},"end":{"line":5,"column":44}},"5":{"start":{"line":6,"column":13},"end":{"line":6,"column":28}},"6":{"start":{"line":7,"column":0},"end":{"line":7,"column":15}},"7":{"start":{"line":9,"column":13},"end":{"line":9,"column":28}},"8":{"start":{"line":10,"column":18},"end":{"line":10,"column":47}},"9":{"start":{"line":11,"column":11},"end":{"line":11,"column":24}},"10":{"start":{"line":12,"column":15},"end":{"line":12,"column":33}},"11":{"start":{"line":13,"column":18},"end":{"line":13,"column":59}},"12":{"start":{"line":14,"column":13},"end":{"line":14,"column":47}},"13":{"start":{"line":15,"column":0},"end":{"line":15,"column":36}},"14":{"start":{"line":16,"column":0},"end":{"line":20,"column":2}},"15":{"start":{"line":23,"column":20},"end":{"line":23,"column":50}},"16":{"start":{"line":25,"column":0},"end":{"line":25,"column":26}},"17":{"start":{"line":27,"column":12},"end":{"line":27,"column":130}},"18":{"start":{"line":28,"column":16},"end":{"line":28,"column":34}},"19":{"start":{"line":29,"column":19},"end":{"line":29,"column":35}},"20":{"start":{"line":30,"column":19},"end":{"line":30,"column":26}},"21":{"start":{"line":33,"column":22},"end":{"line":33,"column":44}},"22":{"start":{"line":35,"column":16},"end":{"line":35,"column":34}},"23":{"start":{"line":37,"column":0},"end":{"line":389,"column":2}},"24":{"start":{"line":38,"column":4},"end":{"line":38,"column":20}},"25":{"start":{"line":38,"column":11},"end":{"line":38,"column":20}},"26":{"start":{"line":39,"column":16},"end":{"line":39,"column":30}},"27":{"start":{"line":43,"column":4},"end":{"line":387,"column":6}},"28":{"start":{"line":46,"column":8},"end":{"line":51,"column":10}},"29":{"start":{"line":47,"column":12},"end":{"line":50,"column":14}},"30":{"start":{"line":48,"column":16},"end":{"line":48,"column":33}},"31":{"start":{"line":48,"column":24},"end":{"line":48,"column":33}},"32":{"start":{"line":49,"column":16},"end":{"line":49,"column":32}},"33":{"start":{"line":54,"column":8},"end":{"line":73,"column":10}},"34":{"start":{"line":55,"column":30},"end":{"line":55,"column":60}},"35":{"start":{"line":57,"column":12},"end":{"line":72,"column":14}},"36":{"start":{"line":58,"column":16},"end":{"line":58,"column":33}},"37":{"start":{"line":58,"column":24},"end":{"line":58,"column":33}},"38":{"start":{"line":59,"column":16},"end":{"line":71,"column":17}},"39":{"start":{"line":60,"column":35},"end":{"line":60,"column":44}},"40":{"start":{"line":61,"column":20},"end":{"line":66,"column":22}},"41":{"start":{"line":62,"column":24},"end":{"line":62,"column":41}},"42":{"start":{"line":62,"column":32},"end":{"line":62,"column":41}},"43":{"start":{"line":64,"column":24},"end":{"line":64,"column":43}},"44":{"start":{"line":65,"column":24},"end":{"line":65,"column":40}},"45":{"start":{"line":70,"column":20},"end":{"line":70,"column":49}},"46":{"start":{"line":76,"column":8},"end":{"line":150,"column":10}},"47":{"start":{"line":77,"column":30},"end":{"line":77,"column":60}},"48":{"start":{"line":78,"column":26},"end":{"line":78,"column":55}},"49":{"start":{"line":81,"column":12},"end":{"line":149,"column":13}},"50":{"start":{"line":82,"column":16},"end":{"line":82,"column":41}},"51":{"start":{"line":86,"column":16},"end":{"line":148,"column":18}},"52":{"start":{"line":87,"column":20},"end":{"line":147,"column":21}},"53":{"start":{"line":89,"column":37},"end":{"line":89,"column":46}},"54":{"start":{"line":90,"column":45},"end":{"line":90,"column":57}},"55":{"start":{"line":93,"column":24},"end":{"line":143,"column":26}},"56":{"start":{"line":94,"column":28},"end":{"line":94,"column":45}},"57":{"start":{"line":94,"column":36},"end":{"line":94,"column":45}},"58":{"start":{"line":95,"column":28},"end":{"line":142,"column":29}},"59":{"start":{"line":96,"column":52},"end":{"line":96,"column":73}},"60":{"start":{"line":97,"column":52},"end":{"line":97,"column":70}},"61":{"start":{"line":100,"column":32},"end":{"line":137,"column":34}},"62":{"start":{"line":101,"column":36},"end":{"line":101,"column":53}},"63":{"start":{"line":101,"column":44},"end":{"line":101,"column":53}},"64":{"start":{"line":103,"column":36},"end":{"line":136,"column":37}},"65":{"start":{"line":104,"column":40},"end":{"line":130,"column":41}},"66":{"start":{"line":105,"column":44},"end":{"line":105,"column":120}},"67":{"start":{"line":108,"column":45},"end":{"line":130,"column":41}},"68":{"start":{"line":110,"column":44},"end":{"line":126,"column":46}},"69":{"start":{"line":111,"column":48},"end":{"line":111,"column":65}},"70":{"start":{"line":111,"column":56},"end":{"line":111,"column":65}},"71":{"start":{"line":115,"column":66},"end":{"line":115,"column":114}},"72":{"start":{"line":116,"column":64},"end":{"line":116,"column":82}},"73":{"start":{"line":117,"column":48},"end":{"line":123,"column":50}},"74":{"start":{"line":124,"column":48},"end":{"line":124,"column":120}},"75":{"start":{"line":125,"column":48},"end":{"line":125,"column":85}},"76":{"start":{"line":129,"column":44},"end":{"line":129,"column":82}},"77":{"start":{"line":135,"column":40},"end":{"line":135,"column":69}},"78":{"start":{"line":141,"column":32},"end":{"line":141,"column":61}},"79":{"start":{"line":146,"column":24},"end":{"line":146,"column":48}},"80":{"start":{"line":153,"column":8},"end":{"line":214,"column":10}},"81":{"start":{"line":154,"column":30},"end":{"line":154,"column":60}},"82":{"start":{"line":155,"column":26},"end":{"line":155,"column":55}},"83":{"start":{"line":158,"column":12},"end":{"line":212,"column":13}},"84":{"start":{"line":159,"column":16},"end":{"line":159,"column":41}},"85":{"start":{"line":163,"column":16},"end":{"line":211,"column":18}},"86":{"start":{"line":164,"column":20},"end":{"line":210,"column":21}},"87":{"start":{"line":166,"column":37},"end":{"line":166,"column":46}},"88":{"start":{"line":168,"column":24},"end":{"line":206,"column":26}},"89":{"start":{"line":169,"column":28},"end":{"line":169,"column":45}},"90":{"start":{"line":169,"column":36},"end":{"line":169,"column":45}},"91":{"start":{"line":170,"column":28},"end":{"line":205,"column":29}},"92":{"start":{"line":172,"column":52},"end":{"line":172,"column":70}},"93":{"start":{"line":174,"column":32},"end":{"line":200,"column":34}},"94":{"start":{"line":175,"column":36},"end":{"line":175,"column":53}},"95":{"start":{"line":175,"column":44},"end":{"line":175,"column":53}},"96":{"start":{"line":178,"column":36},"end":{"line":199,"column":37}},"97":{"start":{"line":180,"column":40},"end":{"line":195,"column":86}},"98":{"start":{"line":181,"column":44},"end":{"line":181,"column":83}},"99":{"start":{"line":183,"column":45},"end":{"line":195,"column":86}},"100":{"start":{"line":184,"column":44},"end":{"line":184,"column":83}},"101":{"start":{"line":187,"column":45},"end":{"line":195,"column":86}},"102":{"start":{"line":189,"column":44},"end":{"line":192,"column":46}},"103":{"start":{"line":190,"column":48},"end":{"line":190,"column":65}},"104":{"start":{"line":190,"column":56},"end":{"line":190,"column":65}},"105":{"start":{"line":191,"column":48},"end":{"line":191,"column":85}},"106":{"start":{"line":195,"column":44},"end":{"line":195,"column":86}},"107":{"start":{"line":198,"column":40},"end":{"line":198,"column":71}},"108":{"start":{"line":204,"column":32},"end":{"line":204,"column":61}},"109":{"start":{"line":209,"column":24},"end":{"line":209,"column":48}},"110":{"start":{"line":217,"column":8},"end":{"line":270,"column":10}},"111":{"start":{"line":218,"column":30},"end":{"line":218,"column":60}},"112":{"start":{"line":219,"column":26},"end":{"line":219,"column":55}},"113":{"start":{"line":222,"column":12},"end":{"line":269,"column":13}},"114":{"start":{"line":223,"column":16},"end":{"line":223,"column":41}},"115":{"start":{"line":226,"column":16},"end":{"line":268,"column":18}},"116":{"start":{"line":229,"column":20},"end":{"line":267,"column":21}},"117":{"start":{"line":231,"column":37},"end":{"line":231,"column":46}},"118":{"start":{"line":234,"column":24},"end":{"line":263,"column":26}},"119":{"start":{"line":235,"column":28},"end":{"line":235,"column":45}},"120":{"start":{"line":235,"column":36},"end":{"line":235,"column":45}},"121":{"start":{"line":236,"column":28},"end":{"line":262,"column":29}},"122":{"start":{"line":239,"column":32},"end":{"line":258,"column":34}},"123":{"start":{"line":240,"column":36},"end":{"line":257,"column":37}},"124":{"start":{"line":241,"column":60},"end":{"line":241,"column":72}},"125":{"start":{"line":244,"column":40},"end":{"line":253,"column":41}},"126":{"start":{"line":245,"column":44},"end":{"line":245,"column":86}},"127":{"start":{"line":248,"column":44},"end":{"line":252,"column":46}},"128":{"start":{"line":249,"column":48},"end":{"line":249,"column":65}},"129":{"start":{"line":249,"column":56},"end":{"line":249,"column":65}},"130":{"start":{"line":250,"column":60},"end":{"line":250,"column":142}},"131":{"start":{"line":251,"column":48},"end":{"line":251,"column":64}},"132":{"start":{"line":256,"column":40},"end":{"line":256,"column":71}},"133":{"start":{"line":261,"column":32},"end":{"line":261,"column":61}},"134":{"start":{"line":266,"column":24},"end":{"line":266,"column":48}},"135":{"start":{"line":273,"column":8},"end":{"line":297,"column":10}},"136":{"start":{"line":274,"column":30},"end":{"line":274,"column":60}},"137":{"start":{"line":275,"column":26},"end":{"line":275,"column":55}},"138":{"start":{"line":277,"column":29},"end":{"line":277,"column":93}},"139":{"start":{"line":278,"column":29},"end":{"line":278,"column":94}},"140":{"start":{"line":280,"column":12},"end":{"line":296,"column":13}},"141":{"start":{"line":281,"column":16},"end":{"line":281,"column":41}},"142":{"start":{"line":284,"column":17},"end":{"line":296,"column":13}},"143":{"start":{"line":285,"column":16},"end":{"line":285,"column":40}},"144":{"start":{"line":288,"column":17},"end":{"line":296,"column":13}},"145":{"start":{"line":289,"column":16},"end":{"line":289,"column":43}},"146":{"start":{"line":293,"column":29},"end":{"line":293,"column":88}},"147":{"start":{"line":294,"column":16},"end":{"line":294,"column":112}},"148":{"start":{"line":295,"column":16},"end":{"line":295,"column":53}},"149":{"start":{"line":300,"column":8},"end":{"line":385,"column":10}},"150":{"start":{"line":301,"column":30},"end":{"line":301,"column":60}},"151":{"start":{"line":302,"column":25},"end":{"line":302,"column":40}},"152":{"start":{"line":303,"column":26},"end":{"line":303,"column":55}},"153":{"start":{"line":305,"column":29},"end":{"line":305,"column":93}},"154":{"start":{"line":306,"column":29},"end":{"line":306,"column":94}},"155":{"start":{"line":308,"column":12},"end":{"line":383,"column":13}},"156":{"start":{"line":309,"column":16},"end":{"line":309,"column":41}},"157":{"start":{"line":311,"column":17},"end":{"line":383,"column":13}},"158":{"start":{"line":312,"column":16},"end":{"line":312,"column":40}},"159":{"start":{"line":314,"column":17},"end":{"line":383,"column":13}},"160":{"start":{"line":315,"column":16},"end":{"line":315,"column":43}},"161":{"start":{"line":319,"column":34},"end":{"line":319,"column":139}},"162":{"start":{"line":320,"column":16},"end":{"line":352,"column":17}},"163":{"start":{"line":321,"column":20},"end":{"line":321,"column":46}},"164":{"start":{"line":322,"column":20},"end":{"line":322,"column":28}},"165":{"start":{"line":325,"column":32},"end":{"line":325,"column":44}},"166":{"start":{"line":326,"column":20},"end":{"line":351,"column":21}},"167":{"start":{"line":328,"column":24},"end":{"line":337,"column":25}},"168":{"start":{"line":330,"column":28},"end":{"line":330,"column":129}},"169":{"start":{"line":331,"column":28},"end":{"line":331,"column":37}},"170":{"start":{"line":332,"column":28},"end":{"line":332,"column":34}},"171":{"start":{"line":334,"column":29},"end":{"line":337,"column":25}},"172":{"start":{"line":335,"column":28},"end":{"line":335,"column":35}},"173":{"start":{"line":336,"column":28},"end":{"line":336,"column":35}},"174":{"start":{"line":339,"column":25},"end":{"line":351,"column":21}},"175":{"start":{"line":341,"column":24},"end":{"line":350,"column":25}},"176":{"start":{"line":343,"column":28},"end":{"line":343,"column":129}},"177":{"start":{"line":344,"column":28},"end":{"line":344,"column":36}},"178":{"start":{"line":345,"column":28},"end":{"line":345,"column":34}},"179":{"start":{"line":347,"column":29},"end":{"line":350,"column":25}},"180":{"start":{"line":348,"column":28},"end":{"line":348,"column":34}},"181":{"start":{"line":349,"column":28},"end":{"line":349,"column":34}},"182":{"start":{"line":354,"column":16},"end":{"line":355,"column":157}},"183":{"start":{"line":355,"column":20},"end":{"line":355,"column":157}},"184":{"start":{"line":357,"column":30},"end":{"line":359,"column":17}},"185":{"start":{"line":361,"column":35},"end":{"line":365,"column":17}},"186":{"start":{"line":367,"column":16},"end":{"line":367,"column":78}},"187":{"start":{"line":368,"column":16},"end":{"line":380,"column":17}},"188":{"start":{"line":369,"column":38},"end":{"line":369,"column":86}},"189":{"start":{"line":370,"column":36},"end":{"line":370,"column":54}},"190":{"start":{"line":372,"column":20},"end":{"line":378,"column":22}},"191":{"start":{"line":379,"column":20},"end":{"line":379,"column":92}},"192":{"start":{"line":382,"column":16},"end":{"line":382,"column":53}},"193":{"start":{"line":391,"column":0},"end":{"line":391,"column":20}}},"fnMap":{"0":{"name":"(anonymous_0)","decl":{"start":{"line":37,"column":24},"end":{"line":37,"column":25}},"loc":{"start":{"line":37,"column":34},"end":{"line":389,"column":1}},"line":37},"1":{"name":"(anonymous_1)","decl":{"start":{"line":43,"column":47},"end":{"line":43,"column":48}},"loc":{"start":{"line":43,"column":61},"end":{"line":387,"column":5}},"line":43},"2":{"name":"(anonymous_2)","decl":{"start":{"line":46,"column":27},"end":{"line":46,"column":28}},"loc":{"start":{"line":46,"column":38},"end":{"line":51,"column":9}},"line":46},"3":{"name":"(anonymous_3)","decl":{"start":{"line":47,"column":70},"end":{"line":47,"column":71}},"loc":{"start":{"line":47,"column":84},"end":{"line":50,"column":13}},"line":47},"4":{"name":"(anonymous_4)","decl":{"start":{"line":54,"column":38},"end":{"line":54,"column":39}},"loc":{"start":{"line":54,"column":49},"end":{"line":73,"column":9}},"line":54},"5":{"name":"(anonymous_5)","decl":{"start":{"line":57,"column":85},"end":{"line":57,"column":86}},"loc":{"start":{"line":57,"column":99},"end":{"line":72,"column":13}},"line":57},"6":{"name":"(anonymous_6)","decl":{"start":{"line":61,"column":112},"end":{"line":61,"column":113}},"loc":{"start":{"line":61,"column":126},"end":{"line":66,"column":21}},"line":61},"7":{"name":"(anonymous_7)","decl":{"start":{"line":76,"column":46},"end":{"line":76,"column":47}},"loc":{"start":{"line":76,"column":57},"end":{"line":150,"column":9}},"line":76},"8":{"name":"(anonymous_8)","decl":{"start":{"line":86,"column":73},"end":{"line":86,"column":74}},"loc":{"start":{"line":86,"column":93},"end":{"line":148,"column":17}},"line":86},"9":{"name":"(anonymous_9)","decl":{"start":{"line":93,"column":97},"end":{"line":93,"column":98}},"loc":{"start":{"line":93,"column":111},"end":{"line":143,"column":25}},"line":93},"10":{"name":"(anonymous_10)","decl":{"start":{"line":100,"column":107},"end":{"line":100,"column":108}},"loc":{"start":{"line":100,"column":121},"end":{"line":137,"column":33}},"line":100},"11":{"name":"(anonymous_11)","decl":{"start":{"line":110,"column":153},"end":{"line":110,"column":154}},"loc":{"start":{"line":110,"column":173},"end":{"line":126,"column":45}},"line":110},"12":{"name":"(anonymous_12)","decl":{"start":{"line":153,"column":51},"end":{"line":153,"column":52}},"loc":{"start":{"line":153,"column":62},"end":{"line":214,"column":9}},"line":153},"13":{"name":"(anonymous_13)","decl":{"start":{"line":163,"column":73},"end":{"line":163,"column":74}},"loc":{"start":{"line":163,"column":93},"end":{"line":211,"column":17}},"line":163},"14":{"name":"(anonymous_14)","decl":{"start":{"line":168,"column":97},"end":{"line":168,"column":98}},"loc":{"start":{"line":168,"column":111},"end":{"line":206,"column":25}},"line":168},"15":{"name":"(anonymous_15)","decl":{"start":{"line":174,"column":107},"end":{"line":174,"column":108}},"loc":{"start":{"line":174,"column":121},"end":{"line":200,"column":33}},"line":174},"16":{"name":"(anonymous_16)","decl":{"start":{"line":189,"column":146},"end":{"line":189,"column":147}},"loc":{"start":{"line":189,"column":160},"end":{"line":192,"column":45}},"line":189},"17":{"name":"(anonymous_17)","decl":{"start":{"line":217,"column":46},"end":{"line":217,"column":47}},"loc":{"start":{"line":217,"column":57},"end":{"line":270,"column":9}},"line":217},"18":{"name":"(anonymous_18)","decl":{"start":{"line":226,"column":73},"end":{"line":226,"column":74}},"loc":{"start":{"line":226,"column":93},"end":{"line":268,"column":17}},"line":226},"19":{"name":"(anonymous_19)","decl":{"start":{"line":234,"column":97},"end":{"line":234,"column":98}},"loc":{"start":{"line":234,"column":111},"end":{"line":263,"column":25}},"line":234},"20":{"name":"(anonymous_20)","decl":{"start":{"line":239,"column":99},"end":{"line":239,"column":100}},"loc":{"start":{"line":239,"column":113},"end":{"line":258,"column":33}},"line":239},"21":{"name":"(anonymous_21)","decl":{"start":{"line":248,"column":113},"end":{"line":248,"column":114}},"loc":{"start":{"line":248,"column":133},"end":{"line":252,"column":45}},"line":248},"22":{"name":"(anonymous_22)","decl":{"start":{"line":273,"column":44},"end":{"line":273,"column":45}},"loc":{"start":{"line":273,"column":61},"end":{"line":297,"column":9}},"line":273},"23":{"name":"(anonymous_23)","decl":{"start":{"line":300,"column":44},"end":{"line":300,"column":45}},"loc":{"start":{"line":300,"column":61},"end":{"line":385,"column":9}},"line":300}},"branchMap":{"0":{"loc":{"start":{"line":38,"column":4},"end":{"line":38,"column":20}},"type":"if","locations":[{"start":{"line":38,"column":4},"end":{"line":38,"column":20}},{"start":{"line":38,"column":4},"end":{"line":38,"column":20}}],"line":38},"1":{"loc":{"start":{"line":48,"column":16},"end":{"line":48,"column":33}},"type":"if","locations":[{"start":{"line":48,"column":16},"end":{"line":48,"column":33}},{"start":{"line":48,"column":16},"end":{"line":48,"column":33}}],"line":48},"2":{"loc":{"start":{"line":58,"column":16},"end":{"line":58,"column":33}},"type":"if","locations":[{"start":{"line":58,"column":16},"end":{"line":58,"column":33}},{"start":{"line":58,"column":16},"end":{"line":58,"column":33}}],"line":58},"3":{"loc":{"start":{"line":59,"column":16},"end":{"line":71,"column":17}},"type":"if","locations":[{"start":{"line":59,"column":16},"end":{"line":71,"column":17}},{"start":{"line":59,"column":16},"end":{"line":71,"column":17}}],"line":59},"4":{"loc":{"start":{"line":62,"column":24},"end":{"line":62,"column":41}},"type":"if","locations":[{"start":{"line":62,"column":24},"end":{"line":62,"column":41}},{"start":{"line":62,"column":24},"end":{"line":62,"column":41}}],"line":62},"5":{"loc":{"start":{"line":81,"column":12},"end":{"line":149,"column":13}},"type":"if","locations":[{"start":{"line":81,"column":12},"end":{"line":149,"column":13}},{"start":{"line":81,"column":12},"end":{"line":149,"column":13}}],"line":81},"6":{"loc":{"start":{"line":87,"column":20},"end":{"line":147,"column":21}},"type":"if","locations":[{"start":{"line":87,"column":20},"end":{"line":147,"column":21}},{"start":{"line":87,"column":20},"end":{"line":147,"column":21}}],"line":87},"7":{"loc":{"start":{"line":87,"column":23},"end":{"line":87,"column":87}},"type":"binary-expr","locations":[{"start":{"line":87,"column":23},"end":{"line":87,"column":41}},{"start":{"line":87,"column":46},"end":{"line":87,"column":86}}],"line":87},"8":{"loc":{"start":{"line":94,"column":28},"end":{"line":94,"column":45}},"type":"if","locations":[{"start":{"line":94,"column":28},"end":{"line":94,"column":45}},{"start":{"line":94,"column":28},"end":{"line":94,"column":45}}],"line":94},"9":{"loc":{"start":{"line":95,"column":28},"end":{"line":142,"column":29}},"type":"if","locations":[{"start":{"line":95,"column":28},"end":{"line":142,"column":29}},{"start":{"line":95,"column":28},"end":{"line":142,"column":29}}],"line":95},"10":{"loc":{"start":{"line":101,"column":36},"end":{"line":101,"column":53}},"type":"if","locations":[{"start":{"line":101,"column":36},"end":{"line":101,"column":53}},{"start":{"line":101,"column":36},"end":{"line":101,"column":53}}],"line":101},"11":{"loc":{"start":{"line":103,"column":36},"end":{"line":136,"column":37}},"type":"if","locations":[{"start":{"line":103,"column":36},"end":{"line":136,"column":37}},{"start":{"line":103,"column":36},"end":{"line":136,"column":37}}],"line":103},"12":{"loc":{"start":{"line":103,"column":39},"end":{"line":103,"column":91}},"type":"binary-expr","locations":[{"start":{"line":103,"column":39},"end":{"line":103,"column":55}},{"start":{"line":103,"column":59},"end":{"line":103,"column":91}}],"line":103},"13":{"loc":{"start":{"line":104,"column":40},"end":{"line":130,"column":41}},"type":"if","locations":[{"start":{"line":104,"column":40},"end":{"line":130,"column":41}},{"start":{"line":104,"column":40},"end":{"line":130,"column":41}}],"line":104},"14":{"loc":{"start":{"line":108,"column":45},"end":{"line":130,"column":41}},"type":"if","locations":[{"start":{"line":108,"column":45},"end":{"line":130,"column":41}},{"start":{"line":108,"column":45},"end":{"line":130,"column":41}}],"line":108},"15":{"loc":{"start":{"line":111,"column":48},"end":{"line":111,"column":65}},"type":"if","locations":[{"start":{"line":111,"column":48},"end":{"line":111,"column":65}},{"start":{"line":111,"column":48},"end":{"line":111,"column":65}}],"line":111},"16":{"loc":{"start":{"line":158,"column":12},"end":{"line":212,"column":13}},"type":"if","locations":[{"start":{"line":158,"column":12},"end":{"line":212,"column":13}},{"start":{"line":158,"column":12},"end":{"line":212,"column":13}}],"line":158},"17":{"loc":{"start":{"line":164,"column":20},"end":{"line":210,"column":21}},"type":"if","locations":[{"start":{"line":164,"column":20},"end":{"line":210,"column":21}},{"start":{"line":164,"column":20},"end":{"line":210,"column":21}}],"line":164},"18":{"loc":{"start":{"line":164,"column":23},"end":{"line":164,"column":87}},"type":"binary-expr","locations":[{"start":{"line":164,"column":23},"end":{"line":164,"column":41}},{"start":{"line":164,"column":46},"end":{"line":164,"column":86}}],"line":164},"19":{"loc":{"start":{"line":169,"column":28},"end":{"line":169,"column":45}},"type":"if","locations":[{"start":{"line":169,"column":28},"end":{"line":169,"column":45}},{"start":{"line":169,"column":28},"end":{"line":169,"column":45}}],"line":169},"20":{"loc":{"start":{"line":170,"column":28},"end":{"line":205,"column":29}},"type":"if","locations":[{"start":{"line":170,"column":28},"end":{"line":205,"column":29}},{"start":{"line":170,"column":28},"end":{"line":205,"column":29}}],"line":170},"21":{"loc":{"start":{"line":175,"column":36},"end":{"line":175,"column":53}},"type":"if","locations":[{"start":{"line":175,"column":36},"end":{"line":175,"column":53}},{"start":{"line":175,"column":36},"end":{"line":175,"column":53}}],"line":175},"22":{"loc":{"start":{"line":178,"column":36},"end":{"line":199,"column":37}},"type":"if","locations":[{"start":{"line":178,"column":36},"end":{"line":199,"column":37}},{"start":{"line":178,"column":36},"end":{"line":199,"column":37}}],"line":178},"23":{"loc":{"start":{"line":178,"column":39},"end":{"line":178,"column":91}},"type":"binary-expr","locations":[{"start":{"line":178,"column":39},"end":{"line":178,"column":55}},{"start":{"line":178,"column":59},"end":{"line":178,"column":91}}],"line":178},"24":{"loc":{"start":{"line":180,"column":40},"end":{"line":195,"column":86}},"type":"if","locations":[{"start":{"line":180,"column":40},"end":{"line":195,"column":86}},{"start":{"line":180,"column":40},"end":{"line":195,"column":86}}],"line":180},"25":{"loc":{"start":{"line":183,"column":45},"end":{"line":195,"column":86}},"type":"if","locations":[{"start":{"line":183,"column":45},"end":{"line":195,"column":86}},{"start":{"line":183,"column":45},"end":{"line":195,"column":86}}],"line":183},"26":{"loc":{"start":{"line":187,"column":45},"end":{"line":195,"column":86}},"type":"if","locations":[{"start":{"line":187,"column":45},"end":{"line":195,"column":86}},{"start":{"line":187,"column":45},"end":{"line":195,"column":86}}],"line":187},"27":{"loc":{"start":{"line":190,"column":48},"end":{"line":190,"column":65}},"type":"if","locations":[{"start":{"line":190,"column":48},"end":{"line":190,"column":65}},{"start":{"line":190,"column":48},"end":{"line":190,"column":65}}],"line":190},"28":{"loc":{"start":{"line":222,"column":12},"end":{"line":269,"column":13}},"type":"if","locations":[{"start":{"line":222,"column":12},"end":{"line":269,"column":13}},{"start":{"line":222,"column":12},"end":{"line":269,"column":13}}],"line":222},"29":{"loc":{"start":{"line":229,"column":20},"end":{"line":267,"column":21}},"type":"if","locations":[{"start":{"line":229,"column":20},"end":{"line":267,"column":21}},{"start":{"line":229,"column":20},"end":{"line":267,"column":21}}],"line":229},"30":{"loc":{"start":{"line":229,"column":23},"end":{"line":229,"column":87}},"type":"binary-expr","locations":[{"start":{"line":229,"column":23},"end":{"line":229,"column":41}},{"start":{"line":229,"column":46},"end":{"line":229,"column":86}}],"line":229},"31":{"loc":{"start":{"line":235,"column":28},"end":{"line":235,"column":45}},"type":"if","locations":[{"start":{"line":235,"column":28},"end":{"line":235,"column":45}},{"start":{"line":235,"column":28},"end":{"line":235,"column":45}}],"line":235},"32":{"loc":{"start":{"line":236,"column":28},"end":{"line":262,"column":29}},"type":"if","locations":[{"start":{"line":236,"column":28},"end":{"line":262,"column":29}},{"start":{"line":236,"column":28},"end":{"line":262,"column":29}}],"line":236},"33":{"loc":{"start":{"line":236,"column":31},"end":{"line":236,"column":85}},"type":"binary-expr","locations":[{"start":{"line":236,"column":31},"end":{"line":236,"column":49}},{"start":{"line":236,"column":53},"end":{"line":236,"column":85}}],"line":236},"34":{"loc":{"start":{"line":240,"column":36},"end":{"line":257,"column":37}},"type":"if","locations":[{"start":{"line":240,"column":36},"end":{"line":257,"column":37}},{"start":{"line":240,"column":36},"end":{"line":257,"column":37}}],"line":240},"35":{"loc":{"start":{"line":244,"column":40},"end":{"line":253,"column":41}},"type":"if","locations":[{"start":{"line":244,"column":40},"end":{"line":253,"column":41}},{"start":{"line":244,"column":40},"end":{"line":253,"column":41}}],"line":244},"36":{"loc":{"start":{"line":249,"column":48},"end":{"line":249,"column":65}},"type":"if","locations":[{"start":{"line":249,"column":48},"end":{"line":249,"column":65}},{"start":{"line":249,"column":48},"end":{"line":249,"column":65}}],"line":249},"37":{"loc":{"start":{"line":280,"column":12},"end":{"line":296,"column":13}},"type":"if","locations":[{"start":{"line":280,"column":12},"end":{"line":296,"column":13}},{"start":{"line":280,"column":12},"end":{"line":296,"column":13}}],"line":280},"38":{"loc":{"start":{"line":280,"column":15},"end":{"line":280,"column":50}},"type":"binary-expr","locations":[{"start":{"line":280,"column":15},"end":{"line":280,"column":28}},{"start":{"line":280,"column":32},"end":{"line":280,"column":50}}],"line":280},"39":{"loc":{"start":{"line":284,"column":17},"end":{"line":296,"column":13}},"type":"if","locations":[{"start":{"line":284,"column":17},"end":{"line":296,"column":13}},{"start":{"line":284,"column":17},"end":{"line":296,"column":13}}],"line":284},"40":{"loc":{"start":{"line":284,"column":22},"end":{"line":284,"column":84}},"type":"binary-expr","locations":[{"start":{"line":284,"column":22},"end":{"line":284,"column":42}},{"start":{"line":284,"column":46},"end":{"line":284,"column":84}}],"line":284},"41":{"loc":{"start":{"line":288,"column":17},"end":{"line":296,"column":13}},"type":"if","locations":[{"start":{"line":288,"column":17},"end":{"line":296,"column":13}},{"start":{"line":288,"column":17},"end":{"line":296,"column":13}}],"line":288},"42":{"loc":{"start":{"line":288,"column":22},"end":{"line":288,"column":87}},"type":"binary-expr","locations":[{"start":{"line":288,"column":22},"end":{"line":288,"column":42}},{"start":{"line":288,"column":46},"end":{"line":288,"column":87}}],"line":288},"43":{"loc":{"start":{"line":293,"column":29},"end":{"line":293,"column":88}},"type":"cond-expr","locations":[{"start":{"line":293,"column":58},"end":{"line":293,"column":74}},{"start":{"line":293,"column":75},"end":{"line":293,"column":88}}],"line":293},"44":{"loc":{"start":{"line":308,"column":12},"end":{"line":383,"column":13}},"type":"if","locations":[{"start":{"line":308,"column":12},"end":{"line":383,"column":13}},{"start":{"line":308,"column":12},"end":{"line":383,"column":13}}],"line":308},"45":{"loc":{"start":{"line":308,"column":15},"end":{"line":308,"column":50}},"type":"binary-expr","locations":[{"start":{"line":308,"column":15},"end":{"line":308,"column":28}},{"start":{"line":308,"column":32},"end":{"line":308,"column":50}}],"line":308},"46":{"loc":{"start":{"line":311,"column":17},"end":{"line":383,"column":13}},"type":"if","locations":[{"start":{"line":311,"column":17},"end":{"line":383,"column":13}},{"start":{"line":311,"column":17},"end":{"line":383,"column":13}}],"line":311},"47":{"loc":{"start":{"line":311,"column":22},"end":{"line":311,"column":84}},"type":"binary-expr","locations":[{"start":{"line":311,"column":22},"end":{"line":311,"column":42}},{"start":{"line":311,"column":46},"end":{"line":311,"column":84}}],"line":311},"48":{"loc":{"start":{"line":314,"column":17},"end":{"line":383,"column":13}},"type":"if","locations":[{"start":{"line":314,"column":17},"end":{"line":383,"column":13}},{"start":{"line":314,"column":17},"end":{"line":383,"column":13}}],"line":314},"49":{"loc":{"start":{"line":320,"column":16},"end":{"line":352,"column":17}},"type":"if","locations":[{"start":{"line":320,"column":16},"end":{"line":352,"column":17}},{"start":{"line":320,"column":16},"end":{"line":352,"column":17}}],"line":320},"50":{"loc":{"start":{"line":321,"column":24},"end":{"line":321,"column":45}},"type":"cond-expr","locations":[{"start":{"line":321,"column":41},"end":{"line":321,"column":42}},{"start":{"line":321,"column":43},"end":{"line":321,"column":45}}],"line":321},"51":{"loc":{"start":{"line":326,"column":20},"end":{"line":351,"column":21}},"type":"if","locations":[{"start":{"line":326,"column":20},"end":{"line":351,"column":21}},{"start":{"line":326,"column":20},"end":{"line":351,"column":21}}],"line":326},"52":{"loc":{"start":{"line":328,"column":24},"end":{"line":337,"column":25}},"type":"if","locations":[{"start":{"line":328,"column":24},"end":{"line":337,"column":25}},{"start":{"line":328,"column":24},"end":{"line":337,"column":25}}],"line":328},"53":{"loc":{"start":{"line":334,"column":29},"end":{"line":337,"column":25}},"type":"if","locations":[{"start":{"line":334,"column":29},"end":{"line":337,"column":25}},{"start":{"line":334,"column":29},"end":{"line":337,"column":25}}],"line":334},"54":{"loc":{"start":{"line":339,"column":25},"end":{"line":351,"column":21}},"type":"if","locations":[{"start":{"line":339,"column":25},"end":{"line":351,"column":21}},{"start":{"line":339,"column":25},"end":{"line":351,"column":21}}],"line":339},"55":{"loc":{"start":{"line":341,"column":24},"end":{"line":350,"column":25}},"type":"if","locations":[{"start":{"line":341,"column":24},"end":{"line":350,"column":25}},{"start":{"line":341,"column":24},"end":{"line":350,"column":25}}],"line":341},"56":{"loc":{"start":{"line":347,"column":29},"end":{"line":350,"column":25}},"type":"if","locations":[{"start":{"line":347,"column":29},"end":{"line":350,"column":25}},{"start":{"line":347,"column":29},"end":{"line":350,"column":25}}],"line":347},"57":{"loc":{"start":{"line":354,"column":16},"end":{"line":355,"column":157}},"type":"if","locations":[{"start":{"line":354,"column":16},"end":{"line":355,"column":157}},{"start":{"line":354,"column":16},"end":{"line":355,"column":157}}],"line":354},"58":{"loc":{"start":{"line":368,"column":16},"end":{"line":380,"column":17}},"type":"if","locations":[{"start":{"line":368,"column":16},"end":{"line":380,"column":17}},{"start":{"line":368,"column":16},"end":{"line":380,"column":17}}],"line":368}},"s":{"0":3,"1":3,"2":3,"3":3,"4":3,"5":3,"6":3,"7":3,"8":3,"9":3,"10":3,"11":3,"12":3,"13":3,"14":3,"15":3,"16":3,"17":3,"18":3,"19":3,"20":3,"21":3,"22":3,"23":3,"24":3,"25":0,"26":3,"27":3,"28":3,"29":0,"30":0,"31":0,"32":0,"33":3,"34":2,"35":2,"36":2,"37":0,"38":2,"39":1,"40":1,"41":1,"42":0,"43":1,"44":1,"45":1,"46":3,"47":8,"48":8,"49":8,"50":1,"51":7,"52":7,"53":6,"54":6,"55":6,"56":6,"57":0,"58":6,"59":5,"60":5,"61":5,"62":5,"63":0,"64":5,"65":3,"66":1,"67":2,"68":1,"69":1,"70":0,"71":1,"72":1,"73":1,"74":1,"75":1,"76":1,"77":2,"78":1,"79":1,"80":3,"81":9,"82":9,"83":9,"84":1,"85":8,"86":8,"87":7,"88":7,"89":7,"90":0,"91":7,"92":6,"93":6,"94":6,"95":0,"96":6,"97":4,"98":1,"99":3,"100":1,"101":2,"102":1,"103":1,"104":0,"105":1,"106":1,"107":2,"108":1,"109":1,"110":3,"111":7,"112":7,"113":7,"114":1,"115":6,"116":6,"117":5,"118":5,"119":5,"120":0,"121":5,"122":3,"123":3,"124":2,"125":2,"126":1,"127":1,"128":1,"129":0,"130":1,"131":1,"132":1,"133":2,"134":1,"135":3,"136":5,"137":5,"138":5,"139":5,"140":5,"141":1,"142":4,"143":1,"144":3,"145":2,"146":1,"147":1,"148":1,"149":3,"150":5,"151":5,"152":5,"153":5,"154":5,"155":5,"156":1,"157":4,"158":1,"159":3,"160":1,"161":2,"162":2,"163":2,"164":2,"165":0,"166":0,"167":0,"168":0,"169":0,"170":0,"171":0,"172":0,"173":0,"174":0,"175":0,"176":0,"177":0,"178":0,"179":0,"180":0,"181":0,"182":2,"183":2,"184":2,"185":2,"186":2,"187":2,"188":1,"189":1,"190":1,"191":1,"192":2,"193":3},"f":{"0":3,"1":3,"2":0,"3":0,"4":2,"5":2,"6":1,"7":8,"8":7,"9":6,"10":5,"11":1,"12":9,"13":8,"14":7,"15":6,"16":1,"17":7,"18":6,"19":5,"20":3,"21":1,"22":5,"23":5},"b":{"0":[0,3],"1":[0,0],"2":[0,2],"3":[1,1],"4":[0,1],"5":[1,7],"6":[6,1],"7":[7,6],"8":[0,6],"9":[5,1],"10":[0,5],"11":[3,2],"12":[5,4],"13":[1,2],"14":[1,1],"15":[0,1],"16":[1,8],"17":[7,1],"18":[8,7],"19":[0,7],"20":[6,1],"21":[0,6],"22":[4,2],"23":[6,5],"24":[1,3],"25":[1,2],"26":[1,1],"27":[0,1],"28":[1,6],"29":[5,1],"30":[6,5],"31":[0,5],"32":[3,2],"33":[5,4],"34":[2,1],"35":[1,1],"36":[0,1],"37":[1,4],"38":[5,4],"39":[1,3],"40":[4,3],"41":[2,1],"42":[3,2],"43":[0,1],"44":[1,4],"45":[5,4],"46":[1,3],"47":[4,3],"48":[1,2],"49":[2,0],"50":[1,1],"51":[0,0],"52":[0,0],"53":[0,0],"54":[0,0],"55":[0,0],"56":[0,0],"57":[2,0],"58":[1,1]},"_coverageSchema":"1a1c01bbd47fc00a2c39e90264f33305004495a9","hash":"72205877f6c975ff3de04fadbd62714e2ea77de9"}
,"C:\\Users\\d976640\\Documents\\skillenhance_OAuth _docker\\modules\\answers\\authorize.js": {"path":"C:\\Users\\d976640\\Documents\\skillenhance_OAuth _docker\\modules\\answers\\authorize.js","statementMap":{"0":{"start":{"line":1,"column":12},"end":{"line":1,"column":35}},"1":{"start":{"line":2,"column":16},"end":{"line":2,"column":34}},"2":{"start":{"line":5,"column":0},"end":{"line":7,"column":1}},"3":{"start":{"line":6,"column":4},"end":{"line":6,"column":25}},"4":{"start":{"line":10,"column":0},"end":{"line":42,"column":1}},"5":{"start":{"line":13,"column":4},"end":{"line":41,"column":5}},"6":{"start":{"line":14,"column":8},"end":{"line":14,"column":19}},"7":{"start":{"line":17,"column":8},"end":{"line":40,"column":10}},"8":{"start":{"line":18,"column":12},"end":{"line":39,"column":14}},"9":{"start":{"line":23,"column":16},"end":{"line":23,"column":33}},"10":{"start":{"line":23,"column":24},"end":{"line":23,"column":33}},"11":{"start":{"line":24,"column":16},"end":{"line":24,"column":37}},"12":{"start":{"line":25,"column":16},"end":{"line":37,"column":17}},"13":{"start":{"line":28,"column":20},"end":{"line":28,"column":38}},"14":{"start":{"line":29,"column":20},"end":{"line":29,"column":28}},"15":{"start":{"line":30,"column":20},"end":{"line":30,"column":32}},"16":{"start":{"line":34,"column":20},"end":{"line":34,"column":37}},"17":{"start":{"line":35,"column":20},"end":{"line":35,"column":29}},"18":{"start":{"line":36,"column":20},"end":{"line":36,"column":32}}},"fnMap":{"0":{"name":"get_token","decl":{"start":{"line":5,"column":26},"end":{"line":5,"column":35}},"loc":{"start":{"line":5,"column":41},"end":{"line":7,"column":1}},"line":5},"1":{"name":"validate_user","decl":{"start":{"line":10,"column":26},"end":{"line":10,"column":39}},"loc":{"start":{"line":10,"column":55},"end":{"line":42,"column":1}},"line":10},"2":{"name":"(anonymous_2)","decl":{"start":{"line":17,"column":27},"end":{"line":17,"column":28}},"loc":{"start":{"line":17,"column":45},"end":{"line":40,"column":9}},"line":17},"3":{"name":"(anonymous_3)","decl":{"start":{"line":22,"column":14},"end":{"line":22,"column":15}},"loc":{"start":{"line":22,"column":35},"end":{"line":39,"column":13}},"line":22}},"branchMap":{"0":{"loc":{"start":{"line":13,"column":4},"end":{"line":41,"column":5}},"type":"if","locations":[{"start":{"line":13,"column":4},"end":{"line":41,"column":5}},{"start":{"line":13,"column":4},"end":{"line":41,"column":5}}],"line":13},"1":{"loc":{"start":{"line":23,"column":16},"end":{"line":23,"column":33}},"type":"if","locations":[{"start":{"line":23,"column":16},"end":{"line":23,"column":33}},{"start":{"line":23,"column":16},"end":{"line":23,"column":33}}],"line":23},"2":{"loc":{"start":{"line":25,"column":16},"end":{"line":37,"column":17}},"type":"if","locations":[{"start":{"line":25,"column":16},"end":{"line":37,"column":17}},{"start":{"line":25,"column":16},"end":{"line":37,"column":17}}],"line":25}},"s":{"0":3,"1":3,"2":3,"3":0,"4":3,"5":24,"6":24,"7":0,"8":0,"9":0,"10":0,"11":0,"12":0,"13":0,"14":0,"15":0,"16":0,"17":0,"18":0},"f":{"0":0,"1":24,"2":0,"3":0},"b":{"0":[24,0],"1":[0,0],"2":[0,0]},"_coverageSchema":"1a1c01bbd47fc00a2c39e90264f33305004495a9","hash":"cb7103d9d0b2d2f03fd3807da331f280bcfc3c40"}
,"C:\\Users\\d976640\\Documents\\skillenhance_OAuth _docker\\modules\\comments\\authorize.js": {"path":"C:\\Users\\d976640\\Documents\\skillenhance_OAuth _docker\\modules\\comments\\authorize.js","statementMap":{"0":{"start":{"line":1,"column":12},"end":{"line":1,"column":35}},"1":{"start":{"line":2,"column":16},"end":{"line":2,"column":34}},"2":{"start":{"line":5,"column":0},"end":{"line":7,"column":1}},"3":{"start":{"line":6,"column":4},"end":{"line":6,"column":25}},"4":{"start":{"line":10,"column":0},"end":{"line":42,"column":1}},"5":{"start":{"line":13,"column":4},"end":{"line":41,"column":5}},"6":{"start":{"line":14,"column":8},"end":{"line":14,"column":19}},"7":{"start":{"line":17,"column":8},"end":{"line":40,"column":10}},"8":{"start":{"line":18,"column":12},"end":{"line":39,"column":14}},"9":{"start":{"line":23,"column":16},"end":{"line":23,"column":33}},"10":{"start":{"line":23,"column":24},"end":{"line":23,"column":33}},"11":{"start":{"line":24,"column":16},"end":{"line":24,"column":37}},"12":{"start":{"line":25,"column":16},"end":{"line":37,"column":17}},"13":{"start":{"line":28,"column":20},"end":{"line":28,"column":38}},"14":{"start":{"line":29,"column":20},"end":{"line":29,"column":28}},"15":{"start":{"line":30,"column":20},"end":{"line":30,"column":32}},"16":{"start":{"line":34,"column":20},"end":{"line":34,"column":37}},"17":{"start":{"line":35,"column":20},"end":{"line":35,"column":29}},"18":{"start":{"line":36,"column":20},"end":{"line":36,"column":32}}},"fnMap":{"0":{"name":"get_token","decl":{"start":{"line":5,"column":26},"end":{"line":5,"column":35}},"loc":{"start":{"line":5,"column":41},"end":{"line":7,"column":1}},"line":5},"1":{"name":"validate_user","decl":{"start":{"line":10,"column":26},"end":{"line":10,"column":39}},"loc":{"start":{"line":10,"column":55},"end":{"line":42,"column":1}},"line":10},"2":{"name":"(anonymous_2)","decl":{"start":{"line":17,"column":27},"end":{"line":17,"column":28}},"loc":{"start":{"line":17,"column":45},"end":{"line":40,"column":9}},"line":17},"3":{"name":"(anonymous_3)","decl":{"start":{"line":22,"column":14},"end":{"line":22,"column":15}},"loc":{"start":{"line":22,"column":35},"end":{"line":39,"column":13}},"line":22}},"branchMap":{"0":{"loc":{"start":{"line":13,"column":4},"end":{"line":41,"column":5}},"type":"if","locations":[{"start":{"line":13,"column":4},"end":{"line":41,"column":5}},{"start":{"line":13,"column":4},"end":{"line":41,"column":5}}],"line":13},"1":{"loc":{"start":{"line":23,"column":16},"end":{"line":23,"column":33}},"type":"if","locations":[{"start":{"line":23,"column":16},"end":{"line":23,"column":33}},{"start":{"line":23,"column":16},"end":{"line":23,"column":33}}],"line":23},"2":{"loc":{"start":{"line":25,"column":16},"end":{"line":37,"column":17}},"type":"if","locations":[{"start":{"line":25,"column":16},"end":{"line":37,"column":17}},{"start":{"line":25,"column":16},"end":{"line":37,"column":17}}],"line":25}},"s":{"0":3,"1":3,"2":3,"3":0,"4":3,"5":19,"6":19,"7":0,"8":0,"9":0,"10":0,"11":0,"12":0,"13":0,"14":0,"15":0,"16":0,"17":0,"18":0},"f":{"0":0,"1":19,"2":0,"3":0},"b":{"0":[19,0],"1":[0,0],"2":[0,0]},"_coverageSchema":"1a1c01bbd47fc00a2c39e90264f33305004495a9","hash":"25ccb7415ef671504e6c08779bd18e577925a3b8"}
,"C:\\Users\\d976640\\Documents\\skillenhance_OAuth _docker\\modules\\comments\\comments.js": {"path":"C:\\Users\\d976640\\Documents\\skillenhance_OAuth _docker\\modules\\comments\\comments.js","statementMap":{"0":{"start":{"line":1,"column":18},"end":{"line":1,"column":48}},"1":{"start":{"line":2,"column":10},"end":{"line":2,"column":88}},"2":{"start":{"line":3,"column":11},"end":{"line":3,"column":29}},"3":{"start":{"line":4,"column":24},"end":{"line":4,"column":34}},"4":{"start":{"line":5,"column":24},"end":{"line":5,"column":40}},"5":{"start":{"line":6,"column":23},"end":{"line":6,"column":30}},"6":{"start":{"line":7,"column":19},"end":{"line":7,"column":28}},"7":{"start":{"line":10,"column":14},"end":{"line":10,"column":32}},"8":{"start":{"line":11,"column":12},"end":{"line":11,"column":21}},"9":{"start":{"line":12,"column":19},"end":{"line":12,"column":41}},"10":{"start":{"line":13,"column":0},"end":{"line":13,"column":23}},"11":{"start":{"line":14,"column":0},"end":{"line":14,"column":44}},"12":{"start":{"line":15,"column":0},"end":{"line":15,"column":33}},"13":{"start":{"line":17,"column":13},"end":{"line":17,"column":28}},"14":{"start":{"line":18,"column":18},"end":{"line":18,"column":47}},"15":{"start":{"line":19,"column":11},"end":{"line":19,"column":24}},"16":{"start":{"line":20,"column":15},"end":{"line":20,"column":33}},"17":{"start":{"line":21,"column":18},"end":{"line":21,"column":60}},"18":{"start":{"line":22,"column":13},"end":{"line":22,"column":47}},"19":{"start":{"line":23,"column":24},"end":{"line":23,"column":41}},"20":{"start":{"line":24,"column":0},"end":{"line":28,"column":2}},"21":{"start":{"line":30,"column":0},"end":{"line":30,"column":26}},"22":{"start":{"line":34,"column":16},"end":{"line":34,"column":34}},"23":{"start":{"line":35,"column":22},"end":{"line":35,"column":44}},"24":{"start":{"line":36,"column":18},"end":{"line":36,"column":40}},"25":{"start":{"line":39,"column":0},"end":{"line":332,"column":2}},"26":{"start":{"line":40,"column":4},"end":{"line":40,"column":21}},"27":{"start":{"line":40,"column":12},"end":{"line":40,"column":21}},"28":{"start":{"line":41,"column":14},"end":{"line":41,"column":25}},"29":{"start":{"line":42,"column":4},"end":{"line":331,"column":6}},"30":{"start":{"line":45,"column":8},"end":{"line":51,"column":10}},"31":{"start":{"line":46,"column":23},"end":{"line":46,"column":47}},"32":{"start":{"line":47,"column":12},"end":{"line":50,"column":14}},"33":{"start":{"line":48,"column":16},"end":{"line":49,"column":40}},"34":{"start":{"line":48,"column":37},"end":{"line":48,"column":67}},"35":{"start":{"line":49,"column":21},"end":{"line":49,"column":40}},"36":{"start":{"line":54,"column":8},"end":{"line":60,"column":10}},"37":{"start":{"line":55,"column":23},"end":{"line":55,"column":47}},"38":{"start":{"line":56,"column":12},"end":{"line":59,"column":14}},"39":{"start":{"line":57,"column":16},"end":{"line":58,"column":37}},"40":{"start":{"line":57,"column":25},"end":{"line":57,"column":34}},"41":{"start":{"line":58,"column":21},"end":{"line":58,"column":37}},"42":{"start":{"line":63,"column":8},"end":{"line":119,"column":10}},"43":{"start":{"line":66,"column":26},"end":{"line":66,"column":55}},"44":{"start":{"line":67,"column":12},"end":{"line":118,"column":13}},"45":{"start":{"line":67,"column":28},"end":{"line":67,"column":53}},"46":{"start":{"line":69,"column":27},"end":{"line":69,"column":51}},"47":{"start":{"line":70,"column":16},"end":{"line":117,"column":18}},"48":{"start":{"line":71,"column":20},"end":{"line":116,"column":61}},"49":{"start":{"line":72,"column":37},"end":{"line":72,"column":46}},"50":{"start":{"line":73,"column":24},"end":{"line":114,"column":26}},"51":{"start":{"line":74,"column":28},"end":{"line":113,"column":60}},"52":{"start":{"line":75,"column":32},"end":{"line":111,"column":33}},"53":{"start":{"line":75,"column":63},"end":{"line":75,"column":97}},"54":{"start":{"line":77,"column":54},"end":{"line":77,"column":102}},"55":{"start":{"line":78,"column":52},"end":{"line":78,"column":70}},"56":{"start":{"line":80,"column":53},"end":{"line":88,"column":37}},"57":{"start":{"line":89,"column":36},"end":{"line":89,"column":108}},"58":{"start":{"line":90,"column":36},"end":{"line":90,"column":73}},"59":{"start":{"line":91,"column":36},"end":{"line":110,"column":38}},"60":{"start":{"line":92,"column":40},"end":{"line":92,"column":58}},"61":{"start":{"line":92,"column":49},"end":{"line":92,"column":58}},"62":{"start":{"line":95,"column":40},"end":{"line":107,"column":41}},"63":{"start":{"line":96,"column":62},"end":{"line":96,"column":110}},"64":{"start":{"line":97,"column":60},"end":{"line":97,"column":78}},"65":{"start":{"line":99,"column":44},"end":{"line":105,"column":46}},"66":{"start":{"line":106,"column":44},"end":{"line":106,"column":116}},"67":{"start":{"line":108,"column":40},"end":{"line":108,"column":82}},"68":{"start":{"line":113,"column":33},"end":{"line":113,"column":60}},"69":{"start":{"line":116,"column":25},"end":{"line":116,"column":61}},"70":{"start":{"line":122,"column":8},"end":{"line":152,"column":10}},"71":{"start":{"line":125,"column":26},"end":{"line":125,"column":55}},"72":{"start":{"line":126,"column":23},"end":{"line":126,"column":47}},"73":{"start":{"line":127,"column":12},"end":{"line":151,"column":13}},"74":{"start":{"line":127,"column":31},"end":{"line":127,"column":56}},"75":{"start":{"line":129,"column":16},"end":{"line":150,"column":18}},"76":{"start":{"line":130,"column":20},"end":{"line":149,"column":49}},"77":{"start":{"line":130,"column":29},"end":{"line":130,"column":38}},"78":{"start":{"line":131,"column":25},"end":{"line":149,"column":49}},"79":{"start":{"line":132,"column":24},"end":{"line":132,"column":40}},"80":{"start":{"line":133,"column":24},"end":{"line":147,"column":26}},"81":{"start":{"line":134,"column":28},"end":{"line":146,"column":74}},"82":{"start":{"line":135,"column":32},"end":{"line":144,"column":34}},"83":{"start":{"line":136,"column":36},"end":{"line":143,"column":68}},"84":{"start":{"line":137,"column":40},"end":{"line":141,"column":41}},"85":{"start":{"line":137,"column":70},"end":{"line":137,"column":104}},"86":{"start":{"line":139,"column":44},"end":{"line":139,"column":160}},"87":{"start":{"line":140,"column":44},"end":{"line":140,"column":70}},"88":{"start":{"line":143,"column":41},"end":{"line":143,"column":68}},"89":{"start":{"line":146,"column":33},"end":{"line":146,"column":74}},"90":{"start":{"line":149,"column":25},"end":{"line":149,"column":49}},"91":{"start":{"line":155,"column":8},"end":{"line":180,"column":10}},"92":{"start":{"line":158,"column":26},"end":{"line":158,"column":55}},"93":{"start":{"line":159,"column":23},"end":{"line":159,"column":47}},"94":{"start":{"line":160,"column":12},"end":{"line":179,"column":13}},"95":{"start":{"line":160,"column":31},"end":{"line":160,"column":56}},"96":{"start":{"line":162,"column":16},"end":{"line":178,"column":18}},"97":{"start":{"line":163,"column":20},"end":{"line":177,"column":49}},"98":{"start":{"line":163,"column":29},"end":{"line":163,"column":38}},"99":{"start":{"line":164,"column":25},"end":{"line":177,"column":49}},"100":{"start":{"line":165,"column":24},"end":{"line":165,"column":40}},"101":{"start":{"line":166,"column":24},"end":{"line":175,"column":26}},"102":{"start":{"line":167,"column":28},"end":{"line":174,"column":63}},"103":{"start":{"line":168,"column":32},"end":{"line":172,"column":80}},"104":{"start":{"line":169,"column":36},"end":{"line":169,"column":88}},"105":{"start":{"line":170,"column":36},"end":{"line":170,"column":89}},"106":{"start":{"line":172,"column":37},"end":{"line":172,"column":80}},"107":{"start":{"line":174,"column":33},"end":{"line":174,"column":63}},"108":{"start":{"line":177,"column":25},"end":{"line":177,"column":49}},"109":{"start":{"line":183,"column":8},"end":{"line":247,"column":10}},"110":{"start":{"line":185,"column":26},"end":{"line":185,"column":55}},"111":{"start":{"line":186,"column":23},"end":{"line":186,"column":47}},"112":{"start":{"line":187,"column":12},"end":{"line":246,"column":13}},"113":{"start":{"line":187,"column":31},"end":{"line":187,"column":56}},"114":{"start":{"line":189,"column":16},"end":{"line":245,"column":18}},"115":{"start":{"line":190,"column":20},"end":{"line":244,"column":49}},"116":{"start":{"line":190,"column":29},"end":{"line":190,"column":38}},"117":{"start":{"line":191,"column":25},"end":{"line":244,"column":49}},"118":{"start":{"line":192,"column":37},"end":{"line":192,"column":46}},"119":{"start":{"line":194,"column":24},"end":{"line":242,"column":26}},"120":{"start":{"line":195,"column":28},"end":{"line":241,"column":63}},"121":{"start":{"line":197,"column":50},"end":{"line":197,"column":141}},"122":{"start":{"line":198,"column":45},"end":{"line":198,"column":53}},"123":{"start":{"line":199,"column":32},"end":{"line":231,"column":33}},"124":{"start":{"line":200,"column":36},"end":{"line":200,"column":62}},"125":{"start":{"line":201,"column":36},"end":{"line":201,"column":44}},"126":{"start":{"line":204,"column":48},"end":{"line":204,"column":60}},"127":{"start":{"line":205,"column":36},"end":{"line":230,"column":37}},"128":{"start":{"line":207,"column":40},"end":{"line":216,"column":41}},"129":{"start":{"line":209,"column":44},"end":{"line":209,"column":131}},"130":{"start":{"line":210,"column":44},"end":{"line":210,"column":53}},"131":{"start":{"line":211,"column":44},"end":{"line":211,"column":50}},"132":{"start":{"line":213,"column":45},"end":{"line":216,"column":41}},"133":{"start":{"line":214,"column":44},"end":{"line":214,"column":51}},"134":{"start":{"line":215,"column":44},"end":{"line":215,"column":51}},"135":{"start":{"line":218,"column":41},"end":{"line":230,"column":37}},"136":{"start":{"line":220,"column":40},"end":{"line":229,"column":41}},"137":{"start":{"line":222,"column":44},"end":{"line":222,"column":131}},"138":{"start":{"line":223,"column":44},"end":{"line":223,"column":52}},"139":{"start":{"line":224,"column":44},"end":{"line":224,"column":50}},"140":{"start":{"line":226,"column":45},"end":{"line":229,"column":41}},"141":{"start":{"line":227,"column":44},"end":{"line":227,"column":50}},"142":{"start":{"line":228,"column":44},"end":{"line":228,"column":50}},"143":{"start":{"line":233,"column":32},"end":{"line":234,"column":159}},"144":{"start":{"line":234,"column":36},"end":{"line":234,"column":159}},"145":{"start":{"line":236,"column":32},"end":{"line":239,"column":34}},"146":{"start":{"line":237,"column":36},"end":{"line":237,"column":53}},"147":{"start":{"line":237,"column":44},"end":{"line":237,"column":53}},"148":{"start":{"line":238,"column":36},"end":{"line":238,"column":79}},"149":{"start":{"line":241,"column":33},"end":{"line":241,"column":63}},"150":{"start":{"line":244,"column":25},"end":{"line":244,"column":49}},"151":{"start":{"line":250,"column":8},"end":{"line":315,"column":10}},"152":{"start":{"line":252,"column":26},"end":{"line":252,"column":55}},"153":{"start":{"line":253,"column":23},"end":{"line":253,"column":47}},"154":{"start":{"line":254,"column":12},"end":{"line":314,"column":13}},"155":{"start":{"line":254,"column":31},"end":{"line":254,"column":56}},"156":{"start":{"line":256,"column":16},"end":{"line":313,"column":18}},"157":{"start":{"line":257,"column":20},"end":{"line":312,"column":49}},"158":{"start":{"line":257,"column":29},"end":{"line":257,"column":38}},"159":{"start":{"line":258,"column":25},"end":{"line":312,"column":49}},"160":{"start":{"line":259,"column":37},"end":{"line":259,"column":46}},"161":{"start":{"line":261,"column":24},"end":{"line":310,"column":26}},"162":{"start":{"line":262,"column":28},"end":{"line":309,"column":63}},"163":{"start":{"line":264,"column":45},"end":{"line":264,"column":55}},"164":{"start":{"line":265,"column":50},"end":{"line":265,"column":141}},"165":{"start":{"line":266,"column":32},"end":{"line":298,"column":33}},"166":{"start":{"line":267,"column":36},"end":{"line":267,"column":62}},"167":{"start":{"line":268,"column":36},"end":{"line":268,"column":44}},"168":{"start":{"line":271,"column":48},"end":{"line":271,"column":60}},"169":{"start":{"line":272,"column":36},"end":{"line":297,"column":37}},"170":{"start":{"line":274,"column":40},"end":{"line":283,"column":41}},"171":{"start":{"line":276,"column":44},"end":{"line":276,"column":131}},"172":{"start":{"line":277,"column":44},"end":{"line":277,"column":53}},"173":{"start":{"line":278,"column":44},"end":{"line":278,"column":50}},"174":{"start":{"line":280,"column":45},"end":{"line":283,"column":41}},"175":{"start":{"line":281,"column":44},"end":{"line":281,"column":51}},"176":{"start":{"line":282,"column":44},"end":{"line":282,"column":51}},"177":{"start":{"line":285,"column":41},"end":{"line":297,"column":37}},"178":{"start":{"line":287,"column":40},"end":{"line":296,"column":41}},"179":{"start":{"line":289,"column":44},"end":{"line":289,"column":131}},"180":{"start":{"line":290,"column":44},"end":{"line":290,"column":52}},"181":{"start":{"line":291,"column":44},"end":{"line":291,"column":50}},"182":{"start":{"line":293,"column":45},"end":{"line":296,"column":41}},"183":{"start":{"line":294,"column":44},"end":{"line":294,"column":50}},"184":{"start":{"line":295,"column":44},"end":{"line":295,"column":50}},"185":{"start":{"line":300,"column":32},"end":{"line":301,"column":159}},"186":{"start":{"line":301,"column":36},"end":{"line":301,"column":159}},"187":{"start":{"line":304,"column":32},"end":{"line":307,"column":34}},"188":{"start":{"line":305,"column":36},"end":{"line":305,"column":53}},"189":{"start":{"line":305,"column":44},"end":{"line":305,"column":53}},"190":{"start":{"line":306,"column":36},"end":{"line":306,"column":79}},"191":{"start":{"line":309,"column":33},"end":{"line":309,"column":63}},"192":{"start":{"line":312,"column":25},"end":{"line":312,"column":49}},"193":{"start":{"line":319,"column":8},"end":{"line":330,"column":10}},"194":{"start":{"line":320,"column":23},"end":{"line":320,"column":47}},"195":{"start":{"line":321,"column":12},"end":{"line":329,"column":14}},"196":{"start":{"line":322,"column":16},"end":{"line":328,"column":48}},"197":{"start":{"line":323,"column":20},"end":{"line":326,"column":22}},"198":{"start":{"line":324,"column":24},"end":{"line":325,"column":45}},"199":{"start":{"line":324,"column":33},"end":{"line":324,"column":42}},"200":{"start":{"line":325,"column":29},"end":{"line":325,"column":45}},"201":{"start":{"line":328,"column":21},"end":{"line":328,"column":48}},"202":{"start":{"line":334,"column":0},"end":{"line":334,"column":20}}},"fnMap":{"0":{"name":"(anonymous_0)","decl":{"start":{"line":39,"column":24},"end":{"line":39,"column":25}},"loc":{"start":{"line":39,"column":40},"end":{"line":332,"column":1}},"line":39},"1":{"name":"(anonymous_1)","decl":{"start":{"line":42,"column":48},"end":{"line":42,"column":49}},"loc":{"start":{"line":42,"column":68},"end":{"line":331,"column":5}},"line":42},"2":{"name":"(anonymous_2)","decl":{"start":{"line":45,"column":32},"end":{"line":45,"column":33}},"loc":{"start":{"line":45,"column":43},"end":{"line":51,"column":9}},"line":45},"3":{"name":"(anonymous_3)","decl":{"start":{"line":47,"column":68},"end":{"line":47,"column":69}},"loc":{"start":{"line":47,"column":82},"end":{"line":50,"column":13}},"line":47},"4":{"name":"(anonymous_4)","decl":{"start":{"line":54,"column":68},"end":{"line":54,"column":69}},"loc":{"start":{"line":54,"column":79},"end":{"line":60,"column":9}},"line":54},"5":{"name":"(anonymous_5)","decl":{"start":{"line":56,"column":72},"end":{"line":56,"column":73}},"loc":{"start":{"line":56,"column":92},"end":{"line":59,"column":13}},"line":56},"6":{"name":"(anonymous_6)","decl":{"start":{"line":63,"column":77},"end":{"line":63,"column":78}},"loc":{"start":{"line":63,"column":88},"end":{"line":119,"column":9}},"line":63},"7":{"name":"(anonymous_7)","decl":{"start":{"line":70,"column":75},"end":{"line":70,"column":76}},"loc":{"start":{"line":70,"column":95},"end":{"line":117,"column":17}},"line":70},"8":{"name":"(anonymous_8)","decl":{"start":{"line":73,"column":80},"end":{"line":73,"column":81}},"loc":{"start":{"line":73,"column":100},"end":{"line":114,"column":25}},"line":73},"9":{"name":"(anonymous_9)","decl":{"start":{"line":91,"column":91},"end":{"line":91,"column":92}},"loc":{"start":{"line":91,"column":117},"end":{"line":110,"column":37}},"line":91},"10":{"name":"(anonymous_10)","decl":{"start":{"line":122,"column":39},"end":{"line":122,"column":40}},"loc":{"start":{"line":122,"column":50},"end":{"line":152,"column":9}},"line":122},"11":{"name":"(anonymous_11)","decl":{"start":{"line":129,"column":77},"end":{"line":129,"column":78}},"loc":{"start":{"line":129,"column":103},"end":{"line":150,"column":17}},"line":129},"12":{"name":"(anonymous_12)","decl":{"start":{"line":133,"column":82},"end":{"line":133,"column":83}},"loc":{"start":{"line":133,"column":102},"end":{"line":147,"column":25}},"line":133},"13":{"name":"(anonymous_13)","decl":{"start":{"line":135,"column":102},"end":{"line":135,"column":103}},"loc":{"start":{"line":135,"column":122},"end":{"line":144,"column":33}},"line":135},"14":{"name":"(anonymous_14)","decl":{"start":{"line":155,"column":42},"end":{"line":155,"column":43}},"loc":{"start":{"line":155,"column":53},"end":{"line":180,"column":9}},"line":155},"15":{"name":"(anonymous_15)","decl":{"start":{"line":162,"column":77},"end":{"line":162,"column":78}},"loc":{"start":{"line":162,"column":103},"end":{"line":178,"column":17}},"line":162},"16":{"name":"(anonymous_16)","decl":{"start":{"line":166,"column":82},"end":{"line":166,"column":83}},"loc":{"start":{"line":166,"column":102},"end":{"line":175,"column":25}},"line":166},"17":{"name":"(anonymous_17)","decl":{"start":{"line":183,"column":73},"end":{"line":183,"column":74}},"loc":{"start":{"line":183,"column":84},"end":{"line":247,"column":9}},"line":183},"18":{"name":"(anonymous_18)","decl":{"start":{"line":189,"column":77},"end":{"line":189,"column":78}},"loc":{"start":{"line":189,"column":103},"end":{"line":245,"column":17}},"line":189},"19":{"name":"(anonymous_19)","decl":{"start":{"line":194,"column":80},"end":{"line":194,"column":81}},"loc":{"start":{"line":194,"column":106},"end":{"line":242,"column":25}},"line":194},"20":{"name":"(anonymous_20)","decl":{"start":{"line":236,"column":115},"end":{"line":236,"column":116}},"loc":{"start":{"line":236,"column":129},"end":{"line":239,"column":33}},"line":236},"21":{"name":"(anonymous_21)","decl":{"start":{"line":250,"column":74},"end":{"line":250,"column":75}},"loc":{"start":{"line":250,"column":85},"end":{"line":315,"column":9}},"line":250},"22":{"name":"(anonymous_22)","decl":{"start":{"line":256,"column":77},"end":{"line":256,"column":78}},"loc":{"start":{"line":256,"column":103},"end":{"line":313,"column":17}},"line":256},"23":{"name":"(anonymous_23)","decl":{"start":{"line":261,"column":80},"end":{"line":261,"column":81}},"loc":{"start":{"line":261,"column":106},"end":{"line":310,"column":25}},"line":261},"24":{"name":"(anonymous_24)","decl":{"start":{"line":304,"column":115},"end":{"line":304,"column":116}},"loc":{"start":{"line":304,"column":129},"end":{"line":307,"column":33}},"line":304},"25":{"name":"(anonymous_25)","decl":{"start":{"line":319,"column":40},"end":{"line":319,"column":41}},"loc":{"start":{"line":319,"column":51},"end":{"line":330,"column":9}},"line":319},"26":{"name":"(anonymous_26)","decl":{"start":{"line":321,"column":67},"end":{"line":321,"column":68}},"loc":{"start":{"line":321,"column":81},"end":{"line":329,"column":13}},"line":321},"27":{"name":"(anonymous_27)","decl":{"start":{"line":323,"column":80},"end":{"line":323,"column":81}},"loc":{"start":{"line":323,"column":100},"end":{"line":326,"column":21}},"line":323}},"branchMap":{"0":{"loc":{"start":{"line":40,"column":4},"end":{"line":40,"column":21}},"type":"if","locations":[{"start":{"line":40,"column":4},"end":{"line":40,"column":21}},{"start":{"line":40,"column":4},"end":{"line":40,"column":21}}],"line":40},"1":{"loc":{"start":{"line":48,"column":16},"end":{"line":49,"column":40}},"type":"if","locations":[{"start":{"line":48,"column":16},"end":{"line":49,"column":40}},{"start":{"line":48,"column":16},"end":{"line":49,"column":40}}],"line":48},"2":{"loc":{"start":{"line":57,"column":16},"end":{"line":58,"column":37}},"type":"if","locations":[{"start":{"line":57,"column":16},"end":{"line":58,"column":37}},{"start":{"line":57,"column":16},"end":{"line":58,"column":37}}],"line":57},"3":{"loc":{"start":{"line":67,"column":12},"end":{"line":118,"column":13}},"type":"if","locations":[{"start":{"line":67,"column":12},"end":{"line":118,"column":13}},{"start":{"line":67,"column":12},"end":{"line":118,"column":13}}],"line":67},"4":{"loc":{"start":{"line":71,"column":20},"end":{"line":116,"column":61}},"type":"if","locations":[{"start":{"line":71,"column":20},"end":{"line":116,"column":61}},{"start":{"line":71,"column":20},"end":{"line":116,"column":61}}],"line":71},"5":{"loc":{"start":{"line":71,"column":23},"end":{"line":71,"column":87}},"type":"binary-expr","locations":[{"start":{"line":71,"column":23},"end":{"line":71,"column":39}},{"start":{"line":71,"column":44},"end":{"line":71,"column":86}}],"line":71},"6":{"loc":{"start":{"line":74,"column":28},"end":{"line":113,"column":60}},"type":"if","locations":[{"start":{"line":74,"column":28},"end":{"line":113,"column":60}},{"start":{"line":74,"column":28},"end":{"line":113,"column":60}}],"line":74},"7":{"loc":{"start":{"line":75,"column":32},"end":{"line":111,"column":33}},"type":"if","locations":[{"start":{"line":75,"column":32},"end":{"line":111,"column":33}},{"start":{"line":75,"column":32},"end":{"line":111,"column":33}}],"line":75},"8":{"loc":{"start":{"line":92,"column":40},"end":{"line":92,"column":58}},"type":"if","locations":[{"start":{"line":92,"column":40},"end":{"line":92,"column":58}},{"start":{"line":92,"column":40},"end":{"line":92,"column":58}}],"line":92},"9":{"loc":{"start":{"line":95,"column":40},"end":{"line":107,"column":41}},"type":"if","locations":[{"start":{"line":95,"column":40},"end":{"line":107,"column":41}},{"start":{"line":95,"column":40},"end":{"line":107,"column":41}}],"line":95},"10":{"loc":{"start":{"line":127,"column":12},"end":{"line":151,"column":13}},"type":"if","locations":[{"start":{"line":127,"column":12},"end":{"line":151,"column":13}},{"start":{"line":127,"column":12},"end":{"line":151,"column":13}}],"line":127},"11":{"loc":{"start":{"line":130,"column":20},"end":{"line":149,"column":49}},"type":"if","locations":[{"start":{"line":130,"column":20},"end":{"line":149,"column":49}},{"start":{"line":130,"column":20},"end":{"line":149,"column":49}}],"line":130},"12":{"loc":{"start":{"line":131,"column":25},"end":{"line":149,"column":49}},"type":"if","locations":[{"start":{"line":131,"column":25},"end":{"line":149,"column":49}},{"start":{"line":131,"column":25},"end":{"line":149,"column":49}}],"line":131},"13":{"loc":{"start":{"line":131,"column":28},"end":{"line":131,"column":93}},"type":"binary-expr","locations":[{"start":{"line":131,"column":28},"end":{"line":131,"column":46}},{"start":{"line":131,"column":51},"end":{"line":131,"column":92}}],"line":131},"14":{"loc":{"start":{"line":134,"column":28},"end":{"line":146,"column":74}},"type":"if","locations":[{"start":{"line":134,"column":28},"end":{"line":146,"column":74}},{"start":{"line":134,"column":28},"end":{"line":146,"column":74}}],"line":134},"15":{"loc":{"start":{"line":134,"column":32},"end":{"line":134,"column":79}},"type":"binary-expr","locations":[{"start":{"line":134,"column":32},"end":{"line":134,"column":48}},{"start":{"line":134,"column":52},"end":{"line":134,"column":79}}],"line":134},"16":{"loc":{"start":{"line":136,"column":36},"end":{"line":143,"column":68}},"type":"if","locations":[{"start":{"line":136,"column":36},"end":{"line":143,"column":68}},{"start":{"line":136,"column":36},"end":{"line":143,"column":68}}],"line":136},"17":{"loc":{"start":{"line":137,"column":40},"end":{"line":141,"column":41}},"type":"if","locations":[{"start":{"line":137,"column":40},"end":{"line":141,"column":41}},{"start":{"line":137,"column":40},"end":{"line":141,"column":41}}],"line":137},"18":{"loc":{"start":{"line":160,"column":12},"end":{"line":179,"column":13}},"type":"if","locations":[{"start":{"line":160,"column":12},"end":{"line":179,"column":13}},{"start":{"line":160,"column":12},"end":{"line":179,"column":13}}],"line":160},"19":{"loc":{"start":{"line":163,"column":20},"end":{"line":177,"column":49}},"type":"if","locations":[{"start":{"line":163,"column":20},"end":{"line":177,"column":49}},{"start":{"line":163,"column":20},"end":{"line":177,"column":49}}],"line":163},"20":{"loc":{"start":{"line":164,"column":25},"end":{"line":177,"column":49}},"type":"if","locations":[{"start":{"line":164,"column":25},"end":{"line":177,"column":49}},{"start":{"line":164,"column":25},"end":{"line":177,"column":49}}],"line":164},"21":{"loc":{"start":{"line":164,"column":28},"end":{"line":164,"column":93}},"type":"binary-expr","locations":[{"start":{"line":164,"column":28},"end":{"line":164,"column":46}},{"start":{"line":164,"column":51},"end":{"line":164,"column":92}}],"line":164},"22":{"loc":{"start":{"line":167,"column":28},"end":{"line":174,"column":63}},"type":"if","locations":[{"start":{"line":167,"column":28},"end":{"line":174,"column":63}},{"start":{"line":167,"column":28},"end":{"line":174,"column":63}}],"line":167},"23":{"loc":{"start":{"line":168,"column":32},"end":{"line":172,"column":80}},"type":"if","locations":[{"start":{"line":168,"column":32},"end":{"line":172,"column":80}},{"start":{"line":168,"column":32},"end":{"line":172,"column":80}}],"line":168},"24":{"loc":{"start":{"line":187,"column":12},"end":{"line":246,"column":13}},"type":"if","locations":[{"start":{"line":187,"column":12},"end":{"line":246,"column":13}},{"start":{"line":187,"column":12},"end":{"line":246,"column":13}}],"line":187},"25":{"loc":{"start":{"line":190,"column":20},"end":{"line":244,"column":49}},"type":"if","locations":[{"start":{"line":190,"column":20},"end":{"line":244,"column":49}},{"start":{"line":190,"column":20},"end":{"line":244,"column":49}}],"line":190},"26":{"loc":{"start":{"line":191,"column":25},"end":{"line":244,"column":49}},"type":"if","locations":[{"start":{"line":191,"column":25},"end":{"line":244,"column":49}},{"start":{"line":191,"column":25},"end":{"line":244,"column":49}}],"line":191},"27":{"loc":{"start":{"line":191,"column":28},"end":{"line":191,"column":93}},"type":"binary-expr","locations":[{"start":{"line":191,"column":28},"end":{"line":191,"column":46}},{"start":{"line":191,"column":51},"end":{"line":191,"column":92}}],"line":191},"28":{"loc":{"start":{"line":195,"column":28},"end":{"line":241,"column":63}},"type":"if","locations":[{"start":{"line":195,"column":28},"end":{"line":241,"column":63}},{"start":{"line":195,"column":28},"end":{"line":241,"column":63}}],"line":195},"29":{"loc":{"start":{"line":199,"column":32},"end":{"line":231,"column":33}},"type":"if","locations":[{"start":{"line":199,"column":32},"end":{"line":231,"column":33}},{"start":{"line":199,"column":32},"end":{"line":231,"column":33}}],"line":199},"30":{"loc":{"start":{"line":200,"column":40},"end":{"line":200,"column":61}},"type":"cond-expr","locations":[{"start":{"line":200,"column":57},"end":{"line":200,"column":58}},{"start":{"line":200,"column":59},"end":{"line":200,"column":61}}],"line":200},"31":{"loc":{"start":{"line":205,"column":36},"end":{"line":230,"column":37}},"type":"if","locations":[{"start":{"line":205,"column":36},"end":{"line":230,"column":37}},{"start":{"line":205,"column":36},"end":{"line":230,"column":37}}],"line":205},"32":{"loc":{"start":{"line":207,"column":40},"end":{"line":216,"column":41}},"type":"if","locations":[{"start":{"line":207,"column":40},"end":{"line":216,"column":41}},{"start":{"line":207,"column":40},"end":{"line":216,"column":41}}],"line":207},"33":{"loc":{"start":{"line":213,"column":45},"end":{"line":216,"column":41}},"type":"if","locations":[{"start":{"line":213,"column":45},"end":{"line":216,"column":41}},{"start":{"line":213,"column":45},"end":{"line":216,"column":41}}],"line":213},"34":{"loc":{"start":{"line":218,"column":41},"end":{"line":230,"column":37}},"type":"if","locations":[{"start":{"line":218,"column":41},"end":{"line":230,"column":37}},{"start":{"line":218,"column":41},"end":{"line":230,"column":37}}],"line":218},"35":{"loc":{"start":{"line":220,"column":40},"end":{"line":229,"column":41}},"type":"if","locations":[{"start":{"line":220,"column":40},"end":{"line":229,"column":41}},{"start":{"line":220,"column":40},"end":{"line":229,"column":41}}],"line":220},"36":{"loc":{"start":{"line":226,"column":45},"end":{"line":229,"column":41}},"type":"if","locations":[{"start":{"line":226,"column":45},"end":{"line":229,"column":41}},{"start":{"line":226,"column":45},"end":{"line":229,"column":41}}],"line":226},"37":{"loc":{"start":{"line":233,"column":32},"end":{"line":234,"column":159}},"type":"if","locations":[{"start":{"line":233,"column":32},"end":{"line":234,"column":159}},{"start":{"line":233,"column":32},"end":{"line":234,"column":159}}],"line":233},"38":{"loc":{"start":{"line":237,"column":36},"end":{"line":237,"column":53}},"type":"if","locations":[{"start":{"line":237,"column":36},"end":{"line":237,"column":53}},{"start":{"line":237,"column":36},"end":{"line":237,"column":53}}],"line":237},"39":{"loc":{"start":{"line":254,"column":12},"end":{"line":314,"column":13}},"type":"if","locations":[{"start":{"line":254,"column":12},"end":{"line":314,"column":13}},{"start":{"line":254,"column":12},"end":{"line":314,"column":13}}],"line":254},"40":{"loc":{"start":{"line":257,"column":20},"end":{"line":312,"column":49}},"type":"if","locations":[{"start":{"line":257,"column":20},"end":{"line":312,"column":49}},{"start":{"line":257,"column":20},"end":{"line":312,"column":49}}],"line":257},"41":{"loc":{"start":{"line":258,"column":25},"end":{"line":312,"column":49}},"type":"if","locations":[{"start":{"line":258,"column":25},"end":{"line":312,"column":49}},{"start":{"line":258,"column":25},"end":{"line":312,"column":49}}],"line":258},"42":{"loc":{"start":{"line":258,"column":28},"end":{"line":258,"column":93}},"type":"binary-expr","locations":[{"start":{"line":258,"column":28},"end":{"line":258,"column":46}},{"start":{"line":258,"column":51},"end":{"line":258,"column":92}}],"line":258},"43":{"loc":{"start":{"line":262,"column":28},"end":{"line":309,"column":63}},"type":"if","locations":[{"start":{"line":262,"column":28},"end":{"line":309,"column":63}},{"start":{"line":262,"column":28},"end":{"line":309,"column":63}}],"line":262},"44":{"loc":{"start":{"line":266,"column":32},"end":{"line":298,"column":33}},"type":"if","locations":[{"start":{"line":266,"column":32},"end":{"line":298,"column":33}},{"start":{"line":266,"column":32},"end":{"line":298,"column":33}}],"line":266},"45":{"loc":{"start":{"line":267,"column":40},"end":{"line":267,"column":61}},"type":"cond-expr","locations":[{"start":{"line":267,"column":57},"end":{"line":267,"column":58}},{"start":{"line":267,"column":59},"end":{"line":267,"column":61}}],"line":267},"46":{"loc":{"start":{"line":272,"column":36},"end":{"line":297,"column":37}},"type":"if","locations":[{"start":{"line":272,"column":36},"end":{"line":297,"column":37}},{"start":{"line":272,"column":36},"end":{"line":297,"column":37}}],"line":272},"47":{"loc":{"start":{"line":274,"column":40},"end":{"line":283,"column":41}},"type":"if","locations":[{"start":{"line":274,"column":40},"end":{"line":283,"column":41}},{"start":{"line":274,"column":40},"end":{"line":283,"column":41}}],"line":274},"48":{"loc":{"start":{"line":280,"column":45},"end":{"line":283,"column":41}},"type":"if","locations":[{"start":{"line":280,"column":45},"end":{"line":283,"column":41}},{"start":{"line":280,"column":45},"end":{"line":283,"column":41}}],"line":280},"49":{"loc":{"start":{"line":285,"column":41},"end":{"line":297,"column":37}},"type":"if","locations":[{"start":{"line":285,"column":41},"end":{"line":297,"column":37}},{"start":{"line":285,"column":41},"end":{"line":297,"column":37}}],"line":285},"50":{"loc":{"start":{"line":287,"column":40},"end":{"line":296,"column":41}},"type":"if","locations":[{"start":{"line":287,"column":40},"end":{"line":296,"column":41}},{"start":{"line":287,"column":40},"end":{"line":296,"column":41}}],"line":287},"51":{"loc":{"start":{"line":293,"column":45},"end":{"line":296,"column":41}},"type":"if","locations":[{"start":{"line":293,"column":45},"end":{"line":296,"column":41}},{"start":{"line":293,"column":45},"end":{"line":296,"column":41}}],"line":293},"52":{"loc":{"start":{"line":300,"column":32},"end":{"line":301,"column":159}},"type":"if","locations":[{"start":{"line":300,"column":32},"end":{"line":301,"column":159}},{"start":{"line":300,"column":32},"end":{"line":301,"column":159}}],"line":300},"53":{"loc":{"start":{"line":305,"column":36},"end":{"line":305,"column":53}},"type":"if","locations":[{"start":{"line":305,"column":36},"end":{"line":305,"column":53}},{"start":{"line":305,"column":36},"end":{"line":305,"column":53}}],"line":305},"54":{"loc":{"start":{"line":322,"column":16},"end":{"line":328,"column":48}},"type":"if","locations":[{"start":{"line":322,"column":16},"end":{"line":328,"column":48}},{"start":{"line":322,"column":16},"end":{"line":328,"column":48}}],"line":322},"55":{"loc":{"start":{"line":324,"column":24},"end":{"line":325,"column":45}},"type":"if","locations":[{"start":{"line":324,"column":24},"end":{"line":325,"column":45}},{"start":{"line":324,"column":24},"end":{"line":325,"column":45}}],"line":324}},"s":{"0":3,"1":3,"2":3,"3":3,"4":3,"5":3,"6":3,"7":3,"8":3,"9":3,"10":3,"11":3,"12":3,"13":3,"14":3,"15":3,"16":3,"17":3,"18":3,"19":3,"20":3,"21":3,"22":3,"23":3,"24":3,"25":3,"26":3,"27":0,"28":3,"29":3,"30":3,"31":2,"32":2,"33":2,"34":1,"35":1,"36":3,"37":1,"38":1,"39":1,"40":0,"41":1,"42":3,"43":6,"44":6,"45":1,"46":5,"47":5,"48":5,"49":3,"50":3,"51":3,"52":2,"53":1,"54":1,"55":1,"56":1,"57":1,"58":1,"59":1,"60":1,"61":0,"62":1,"63":1,"64":1,"65":1,"66":1,"67":1,"68":1,"69":2,"70":3,"71":6,"72":6,"73":6,"74":1,"75":5,"76":5,"77":0,"78":5,"79":4,"80":4,"81":4,"82":2,"83":2,"84":2,"85":1,"86":1,"87":1,"88":0,"89":2,"90":1,"91":3,"92":5,"93":5,"94":5,"95":1,"96":4,"97":4,"98":0,"99":4,"100":3,"101":3,"102":3,"103":2,"104":1,"105":1,"106":1,"107":1,"108":1,"109":3,"110":7,"111":7,"112":7,"113":1,"114":6,"115":6,"116":0,"117":6,"118":5,"119":5,"120":5,"121":4,"122":4,"123":4,"124":2,"125":2,"126":2,"127":2,"128":1,"129":1,"130":1,"131":1,"132":0,"133":0,"134":0,"135":1,"136":1,"137":0,"138":0,"139":0,"140":1,"141":1,"142":1,"143":4,"144":3,"145":4,"146":4,"147":0,"148":4,"149":1,"150":1,"151":3,"152":4,"153":4,"154":4,"155":0,"156":4,"157":4,"158":0,"159":4,"160":4,"161":4,"162":4,"163":4,"164":4,"165":4,"166":2,"167":2,"168":2,"169":2,"170":1,"171":0,"172":0,"173":0,"174":1,"175":1,"176":1,"177":1,"178":1,"179":1,"180":1,"181":1,"182":0,"183":0,"184":0,"185":4,"186":3,"187":4,"188":4,"189":0,"190":4,"191":0,"192":0,"193":3,"194":0,"195":0,"196":0,"197":0,"198":0,"199":0,"200":0,"201":0,"202":3},"f":{"0":3,"1":3,"2":2,"3":2,"4":1,"5":1,"6":6,"7":5,"8":3,"9":1,"10":6,"11":5,"12":4,"13":2,"14":5,"15":4,"16":3,"17":7,"18":6,"19":5,"20":4,"21":4,"22":4,"23":4,"24":4,"25":0,"26":0,"27":0},"b":{"0":[0,3],"1":[1,1],"2":[0,1],"3":[1,5],"4":[3,2],"5":[5,3],"6":[2,1],"7":[1,1],"8":[0,1],"9":[1,0],"10":[1,5],"11":[0,5],"12":[4,1],"13":[5,4],"14":[2,2],"15":[4,3],"16":[2,0],"17":[1,1],"18":[1,4],"19":[0,4],"20":[3,1],"21":[4,3],"22":[2,1],"23":[1,1],"24":[1,6],"25":[0,6],"26":[5,1],"27":[6,5],"28":[4,1],"29":[2,2],"30":[2,0],"31":[1,1],"32":[1,0],"33":[0,0],"34":[1,0],"35":[0,1],"36":[1,0],"37":[3,1],"38":[0,4],"39":[0,4],"40":[0,4],"41":[4,0],"42":[4,4],"43":[4,0],"44":[2,2],"45":[0,2],"46":[1,1],"47":[0,1],"48":[1,0],"49":[1,0],"50":[1,0],"51":[0,0],"52":[3,1],"53":[0,4],"54":[0,0],"55":[0,0]},"_coverageSchema":"1a1c01bbd47fc00a2c39e90264f33305004495a9","hash":"95db29aa314e7a227b8e45a8ab2cdba49f010657"}
[...]
14}},"93":{"start":{"line":195,"column":16},"end":{"line":200,"column":48}},"94":{"start":{"line":196,"column":20},"end":{"line":198,"column":22}},"95":{"start":{"line":197,"column":24},"end":{"line":197,"column":63}},"96":{"start":{"line":200,"column":21},"end":{"line":200,"column":48}},"97":{"start":{"line":207,"column":8},"end":{"line":221,"column":10}},"98":{"start":{"line":208,"column":28},"end":{"line":208,"column":54}},"99":{"start":{"line":209,"column":12},"end":{"line":219,"column":14}},"100":{"start":{"line":210,"column":16},"end":{"line":218,"column":45}},"101":{"start":{"line":211,"column":20},"end":{"line":216,"column":22}},"102":{"start":{"line":212,"column":24},"end":{"line":215,"column":78}},"103":{"start":{"line":213,"column":28},"end":{"line":213,"column":44}},"104":{"start":{"line":215,"column":28},"end":{"line":215,"column":78}},"105":{"start":{"line":218,"column":21},"end":{"line":218,"column":45}},"106":{"start":{"line":223,"column":8},"end":{"line":231,"column":10}},"107":{"start":{"line":224,"column":12},"end":{"line":230,"column":14}},"108":{"start":{"line":225,"column":16},"end":{"line":225,"column":33}},"109":{"start":{"line":225,"column":24},"end":{"line":225,"column":33}},"110":{"start":{"line":226,"column":16},"end":{"line":229,"column":51}},"111":{"start":{"line":227,"column":20},"end":{"line":227,"column":36}},"112":{"start":{"line":229,"column":20},"end":{"line":229,"column":51}},"113":{"start":{"line":233,"column":8},"end":{"line":314,"column":10}},"114":{"start":{"line":234,"column":34},"end":{"line":234,"column":42}},"115":{"start":{"line":235,"column":12},"end":{"line":235,"column":36}},"116":{"start":{"line":236,"column":30},"end":{"line":236,"column":38}},"117":{"start":{"line":238,"column":12},"end":{"line":313,"column":14}},"118":{"start":{"line":239,"column":93},"end":{"line":239,"column":109}},"119":{"start":{"line":241,"column":16},"end":{"line":241,"column":46}},"120":{"start":{"line":242,"column":30},"end":{"line":242,"column":33}},"121":{"start":{"line":243,"column":25},"end":{"line":243,"column":28}},"122":{"start":{"line":244,"column":16},"end":{"line":244,"column":37}},"123":{"start":{"line":246,"column":16},"end":{"line":246,"column":40}},"124":{"start":{"line":248,"column":16},"end":{"line":312,"column":17}},"125":{"start":{"line":249,"column":20},"end":{"line":311,"column":22}},"126":{"start":{"line":250,"column":24},"end":{"line":310,"column":25}},"127":{"start":{"line":252,"column":28},"end":{"line":252,"column":70}},"128":{"start":{"line":253,"column":28},"end":{"line":255,"column":30}},"129":{"start":{"line":257,"column":29},"end":{"line":310,"column":25}},"130":{"start":{"line":259,"column":40},"end":{"line":272,"column":29}},"131":{"start":{"line":274,"column":28},"end":{"line":278,"column":30}},"132":{"start":{"line":275,"column":32},"end":{"line":275,"column":49}},"133":{"start":{"line":275,"column":40},"end":{"line":275,"column":49}},"134":{"start":{"line":276,"column":32},"end":{"line":277,"column":63}},"135":{"start":{"line":276,"column":41},"end":{"line":276,"column":90}},"136":{"start":{"line":277,"column":38},"end":{"line":277,"column":62}},"137":{"start":{"line":279,"column":28},"end":{"line":288,"column":30}},"138":{"start":{"line":280,"column":32},"end":{"line":287,"column":33}},"139":{"start":{"line":282,"column":36},"end":{"line":282,"column":55}},"140":{"start":{"line":286,"column":36},"end":{"line":286,"column":60}},"141":{"start":{"line":290,"column":29},"end":{"line":310,"column":25}},"142":{"start":{"line":292,"column":28},"end":{"line":292,"column":74}},"143":{"start":{"line":293,"column":28},"end":{"line":293,"column":52}},"144":{"start":{"line":295,"column":40},"end":{"line":298,"column":29}},"145":{"start":{"line":299,"column":28},"end":{"line":302,"column":30}},"146":{"start":{"line":300,"column":32},"end":{"line":301,"column":60}},"147":{"start":{"line":300,"column":41},"end":{"line":300,"column":50}},"148":{"start":{"line":301,"column":37},"end":{"line":301,"column":59}},"149":{"start":{"line":303,"column":28},"end":{"line":303,"column":47}},"150":{"start":{"line":320,"column":0},"end":{"line":320,"column":20}}},"fnMap":{"0":{"name":"(anonymous_0)","decl":{"start":{"line":39,"column":24},"end":{"line":39,"column":25}},"loc":{"start":{"line":39,"column":34},"end":{"line":318,"column":1}},"line":39},"1":{"name":"(anonymous_1)","decl":{"start":{"line":44,"column":47},"end":{"line":44,"column":48}},"loc":{"start":{"line":44,"column":61},"end":{"line":317,"column":5}},"line":44},"2":{"name":"(anonymous_2)","decl":{"start":{"line":47,"column":34},"end":{"line":47,"column":35}},"loc":{"start":{"line":47,"column":51},"end":{"line":62,"column":9}},"line":47},"3":{"name":"(anonymous_3)","decl":{"start":{"line":52,"column":65},"end":{"line":52,"column":66}},"loc":{"start":{"line":52,"column":79},"end":{"line":61,"column":13}},"line":52},"4":{"name":"(anonymous_4)","decl":{"start":{"line":66,"column":61},"end":{"line":66,"column":62}},"loc":{"start":{"line":66,"column":72},"end":{"line":98,"column":9}},"line":66},"5":{"name":"(anonymous_5)","decl":{"start":{"line":74,"column":65},"end":{"line":74,"column":66}},"loc":{"start":{"line":74,"column":79},"end":{"line":96,"column":13}},"line":74},"6":{"name":"(anonymous_6)","decl":{"start":{"line":76,"column":73},"end":{"line":76,"column":74}},"loc":{"start":{"line":76,"column":87},"end":{"line":93,"column":21}},"line":76},"7":{"name":"(anonymous_7)","decl":{"start":{"line":86,"column":98},"end":{"line":86,"column":99}},"loc":{"start":{"line":86,"column":112},"end":{"line":90,"column":29}},"line":86},"8":{"name":"(anonymous_8)","decl":{"start":{"line":102,"column":57},"end":{"line":102,"column":58}},"loc":{"start":{"line":102,"column":68},"end":{"line":116,"column":9}},"line":102},"9":{"name":"(anonymous_9)","decl":{"start":{"line":105,"column":65},"end":{"line":105,"column":66}},"loc":{"start":{"line":105,"column":79},"end":{"line":115,"column":13}},"line":105},"10":{"name":"(anonymous_10)","decl":{"start":{"line":110,"column":69},"end":{"line":110,"column":70}},"loc":{"start":{"line":110,"column":83},"end":{"line":112,"column":21}},"line":110},"11":{"name":"(anonymous_11)","decl":{"start":{"line":120,"column":45},"end":{"line":120,"column":46}},"loc":{"start":{"line":120,"column":56},"end":{"line":135,"column":9}},"line":120},"12":{"name":"(anonymous_12)","decl":{"start":{"line":123,"column":63},"end":{"line":123,"column":64}},"loc":{"start":{"line":123,"column":77},"end":{"line":133,"column":13}},"line":123},"13":{"name":"(anonymous_13)","decl":{"start":{"line":125,"column":107},"end":{"line":125,"column":108}},"loc":{"start":{"line":125,"column":121},"end":{"line":130,"column":21}},"line":125},"14":{"name":"(anonymous_14)","decl":{"start":{"line":139,"column":44},"end":{"line":139,"column":45}},"loc":{"start":{"line":139,"column":55},"end":{"line":156,"column":9}},"line":139},"15":{"name":"(anonymous_15)","decl":{"start":{"line":142,"column":63},"end":{"line":142,"column":64}},"loc":{"start":{"line":142,"column":77},"end":{"line":153,"column":13}},"line":142},"16":{"name":"(anonymous_16)","decl":{"start":{"line":145,"column":80},"end":{"line":145,"column":81}},"loc":{"start":{"line":145,"column":94},"end":{"line":150,"column":21}},"line":145},"17":{"name":"(anonymous_17)","decl":{"start":{"line":159,"column":50},"end":{"line":159,"column":51}},"loc":{"start":{"line":159,"column":61},"end":{"line":173,"column":9}},"line":159},"18":{"name":"(anonymous_18)","decl":{"start":{"line":162,"column":63},"end":{"line":162,"column":64}},"loc":{"start":{"line":162,"column":77},"end":{"line":170,"column":13}},"line":162},"19":{"name":"(anonymous_19)","decl":{"start":{"line":164,"column":107},"end":{"line":164,"column":108}},"loc":{"start":{"line":164,"column":121},"end":{"line":166,"column":21}},"line":164},"20":{"name":"(anonymous_20)","decl":{"start":{"line":176,"column":49},"end":{"line":176,"column":50}},"loc":{"start":{"line":176,"column":60},"end":{"line":189,"column":9}},"line":176},"21":{"name":"(anonymous_21)","decl":{"start":{"line":179,"column":65},"end":{"line":179,"column":66}},"loc":{"start":{"line":179,"column":79},"end":{"line":187,"column":13}},"line":179},"22":{"name":"(anonymous_22)","decl":{"start":{"line":181,"column":80},"end":{"line":181,"column":81}},"loc":{"start":{"line":181,"column":94},"end":{"line":183,"column":21}},"line":181},"23":{"name":"(anonymous_23)","decl":{"start":{"line":192,"column":48},"end":{"line":192,"column":49}},"loc":{"start":{"line":192,"column":59},"end":{"line":203,"column":9}},"line":192},"24":{"name":"(anonymous_24)","decl":{"start":{"line":194,"column":65},"end":{"line":194,"column":66}},"loc":{"start":{"line":194,"column":79},"end":{"line":201,"column":13}},"line":194},"25":{"name":"(anonymous_25)","decl":{"start":{"line":196,"column":107},"end":{"line":196,"column":108}},"loc":{"start":{"line":196,"column":121},"end":{"line":198,"column":21}},"line":196},"26":{"name":"(anonymous_26)","decl":{"start":{"line":207,"column":43},"end":{"line":207,"column":44}},"loc":{"start":{"line":207,"column":54},"end":{"line":221,"column":9}},"line":207},"27":{"name":"(anonymous_27)","decl":{"start":{"line":209,"column":65},"end":{"line":209,"column":66}},"loc":{"start":{"line":209,"column":79},"end":{"line":219,"column":13}},"line":209},"28":{"name":"(anonymous_28)","decl":{"start":{"line":211,"column":107},"end":{"line":211,"column":108}},"loc":{"start":{"line":211,"column":121},"end":{"line":216,"column":21}},"line":211},"29":{"name":"(anonymous_29)","decl":{"start":{"line":223,"column":27},"end":{"line":223,"column":28}},"loc":{"start":{"line":223,"column":38},"end":{"line":231,"column":9}},"line":223},"30":{"name":"(anonymous_30)","decl":{"start":{"line":224,"column":51},"end":{"line":224,"column":52}},"loc":{"start":{"line":224,"column":65},"end":{"line":230,"column":13}},"line":224},"31":{"name":"(anonymous_31)","decl":{"start":{"line":233,"column":37},"end":{"line":233,"column":38}},"loc":{"start":{"line":233,"column":48},"end":{"line":314,"column":9}},"line":233},"32":{"name":"(anonymous_32)","decl":{"start":{"line":238,"column":144},"end":{"line":238,"column":145}},"loc":{"start":{"line":238,"column":155},"end":{"line":313,"column":13}},"line":238},"33":{"name":"(anonymous_33)","decl":{"start":{"line":249,"column":73},"end":{"line":249,"column":74}},"loc":{"start":{"line":249,"column":89},"end":{"line":311,"column":21}},"line":249},"34":{"name":"(anonymous_34)","decl":{"start":{"line":274,"column":68},"end":{"line":274,"column":69}},"loc":{"start":{"line":274,"column":82},"end":{"line":278,"column":29}},"line":274},"35":{"name":"(anonymous_35)","decl":{"start":{"line":279,"column":81},"end":{"line":279,"column":82}},"loc":{"start":{"line":279,"column":95},"end":{"line":288,"column":29}},"line":279},"36":{"name":"(anonymous_36)","decl":{"start":{"line":299,"column":98},"end":{"line":299,"column":99}},"loc":{"start":{"line":299,"column":112},"end":{"line":302,"column":29}},"line":299}},"branchMap":{"0":{"loc":{"start":{"line":40,"column":4},"end":{"line":40,"column":20}},"type":"if","locations":[{"start":{"line":40,"column":4},"end":{"line":40,"column":20}},{"start":{"line":40,"column":4},"end":{"line":40,"column":20}}],"line":40},"1":{"loc":{"start":{"line":53,"column":16},"end":{"line":60,"column":17}},"type":"if","locations":[{"start":{"line":53,"column":16},"end":{"line":60,"column":17}},{"start":{"line":53,"column":16},"end":{"line":60,"column":17}}],"line":53},"2":{"loc":{"start":{"line":75,"column":16},"end":{"line":95,"column":45}},"type":"if","locations":[{"start":{"line":75,"column":16},"end":{"line":95,"column":45}},{"start":{"line":75,"column":16},"end":{"line":95,"column":45}}],"line":75},"3":{"loc":{"start":{"line":77,"column":24},"end":{"line":92,"column":25}},"type":"if","locations":[{"start":{"line":77,"column":24},"end":{"line":92,"column":25}},{"start":{"line":77,"column":24},"end":{"line":92,"column":25}}],"line":77},"4":{"loc":{"start":{"line":81,"column":44},"end":{"line":81,"column":82}},"type":"cond-expr","locations":[{"start":{"line":81,"column":59},"end":{"line":81,"column":80}},{"start":{"line":81,"column":81},"end":{"line":81,"column":82}}],"line":81},"5":{"loc":{"start":{"line":82,"column":41},"end":{"line":82,"column":76}},"type":"cond-expr","locations":[{"start":{"line":82,"column":56},"end":{"line":82,"column":74}},{"start":{"line":82,"column":75},"end":{"line":82,"column":76}}],"line":82},"6":{"loc":{"start":{"line":83,"column":39},"end":{"line":83,"column":72}},"type":"cond-expr","locations":[{"start":{"line":83,"column":54},"end":{"line":83,"column":70}},{"start":{"line":83,"column":71},"end":{"line":83,"column":72}}],"line":83},"7":{"loc":{"start":{"line":84,"column":43},"end":{"line":84,"column":80}},"type":"cond-expr","locations":[{"start":{"line":84,"column":58},"end":{"line":84,"column":78}},{"start":{"line":84,"column":79},"end":{"line":84,"column":80}}],"line":84},"8":{"loc":{"start":{"line":107,"column":16},"end":{"line":114,"column":45}},"type":"if","locations":[{"start":{"line":107,"column":16},"end":{"line":114,"column":45}},{"start":{"line":107,"column":16},"end":{"line":114,"column":45}}],"line":107},"9":{"loc":{"start":{"line":124,"column":16},"end":{"line":132,"column":45}},"type":"if","locations":[{"start":{"line":124,"column":16},"end":{"line":132,"column":45}},{"start":{"line":124,"column":16},"end":{"line":132,"column":45}}],"line":124},"10":{"loc":{"start":{"line":126,"column":24},"end":{"line":129,"column":76}},"type":"if","locations":[{"start":{"line":126,"column":24},"end":{"line":129,"column":76}},{"start":{"line":126,"column":24},"end":{"line":129,"column":76}}],"line":126},"11":{"loc":{"start":{"line":143,"column":16},"end":{"line":152,"column":45}},"type":"if","locations":[{"start":{"line":143,"column":16},"end":{"line":152,"column":45}},{"start":{"line":143,"column":16},"end":{"line":152,"column":45}}],"line":143},"12":{"loc":{"start":{"line":146,"column":24},"end":{"line":149,"column":76}},"type":"if","locations":[{"start":{"line":146,"column":24},"end":{"line":149,"column":76}},{"start":{"line":146,"column":24},"end":{"line":149,"column":76}}],"line":146},"13":{"loc":{"start":{"line":148,"column":29},"end":{"line":149,"column":76}},"type":"if","locations":[{"start":{"line":148,"column":29},"end":{"line":149,"column":76}},{"start":{"line":148,"column":29},"end":{"line":149,"column":76}}],"line":148},"14":{"loc":{"start":{"line":163,"column":16},"end":{"line":168,"column":48}},"type":"if","locations":[{"start":{"line":163,"column":16},"end":{"line":168,"column":48}},{"start":{"line":163,"column":16},"end":{"line":168,"column":48}}],"line":163},"15":{"loc":{"start":{"line":180,"column":16},"end":{"line":185,"column":48}},"type":"if","locations":[{"start":{"line":180,"column":16},"end":{"line":185,"column":48}},{"start":{"line":180,"column":16},"end":{"line":185,"column":48}}],"line":180},"16":{"loc":{"start":{"line":195,"column":16},"end":{"line":200,"column":48}},"type":"if","locations":[{"start":{"line":195,"column":16},"end":{"line":200,"column":48}},{"start":{"line":195,"column":16},"end":{"line":200,"column":48}}],"line":195},"17":{"loc":{"start":{"line":210,"column":16},"end":{"line":218,"column":45}},"type":"if","locations":[{"start":{"line":210,"column":16},"end":{"line":218,"column":45}},{"start":{"line":210,"column":16},"end":{"line":218,"column":45}}],"line":210},"18":{"loc":{"start":{"line":212,"column":24},"end":{"line":215,"column":78}},"type":"if","locations":[{"start":{"line":212,"column":24},"end":{"line":215,"column":78}},{"start":{"line":212,"column":24},"end":{"line":215,"column":78}}],"line":212},"19":{"loc":{"start":{"line":225,"column":16},"end":{"line":225,"column":33}},"type":"if","locations":[{"start":{"line":225,"column":16},"end":{"line":225,"column":33}},{"start":{"line":225,"column":16},"end":{"line":225,"column":33}}],"line":225},"20":{"loc":{"start":{"line":226,"column":16},"end":{"line":229,"column":51}},"type":"if","locations":[{"start":{"line":226,"column":16},"end":{"line":229,"column":51}},{"start":{"line":226,"column":16},"end":{"line":229,"column":51}}],"line":226},"21":{"loc":{"start":{"line":248,"column":16},"end":{"line":312,"column":17}},"type":"if","locations":[{"start":{"line":248,"column":16},"end":{"line":312,"column":17}},{"start":{"line":248,"column":16},"end":{"line":312,"column":17}}],"line":248},"22":{"loc":{"start":{"line":250,"column":24},"end":{"line":310,"column":25}},"type":"if","locations":[{"start":{"line":250,"column":24},"end":{"line":310,"column":25}},{"start":{"line":250,"column":24},"end":{"line":310,"column":25}}],"line":250},"23":{"loc":{"start":{"line":257,"column":29},"end":{"line":310,"column":25}},"type":"if","locations":[{"start":{"line":257,"column":29},"end":{"line":310,"column":25}},{"start":{"line":257,"column":29},"end":{"line":310,"column":25}}],"line":257},"24":{"loc":{"start":{"line":275,"column":32},"end":{"line":275,"column":49}},"type":"if","locations":[{"start":{"line":275,"column":32},"end":{"line":275,"column":49}},{"start":{"line":275,"column":32},"end":{"line":275,"column":49}}],"line":275},"25":{"loc":{"start":{"line":276,"column":32},"end":{"line":277,"column":63}},"type":"if","locations":[{"start":{"line":276,"column":32},"end":{"line":277,"column":63}},{"start":{"line":276,"column":32},"end":{"line":277,"column":63}}],"line":276},"26":{"loc":{"start":{"line":280,"column":32},"end":{"line":287,"column":33}},"type":"if","locations":[{"start":{"line":280,"column":32},"end":{"line":287,"column":33}},{"start":{"line":280,"column":32},"end":{"line":287,"column":33}}],"line":280},"27":{"loc":{"start":{"line":290,"column":29},"end":{"line":310,"column":25}},"type":"if","locations":[{"start":{"line":290,"column":29},"end":{"line":310,"column":25}},{"start":{"line":290,"column":29},"end":{"line":310,"column":25}}],"line":290},"28":{"loc":{"start":{"line":300,"column":32},"end":{"line":301,"column":60}},"type":"if","locations":[{"start":{"line":300,"column":32},"end":{"line":301,"column":60}},{"start":{"line":300,"column":32},"end":{"line":301,"column":60}}],"line":300}},"s":{"0":1,"1":1,"2":1,"3":1,"4":1,"5":1,"6":1,"7":1,"8":1,"9":1,"10":1,"11":1,"12":1,"13":1,"14":1,"15":1,"16":1,"17":1,"18":1,"19":1,"20":1,"21":1,"22":1,"23":1,"24":1,"25":1,"26":0,"27":1,"28":1,"29":1,"30":2,"31":2,"32":2,"33":0,"34":2,"35":1,"36":2,"37":2,"38":2,"39":2,"40":2,"41":2,"42":2,"43":1,"44":1,"45":1,"46":1,"47":1,"48":1,"49":1,"50":1,"51":1,"52":1,"53":1,"54":1,"55":1,"56":0,"57":1,"58":2,"59":2,"60":2,"61":1,"62":1,"63":1,"64":0,"65":1,"66":1,"67":2,"68":2,"69":2,"70":1,"71":1,"72":0,"73":1,"74":1,"75":1,"76":1,"77":2,"78":2,"79":2,"80":1,"81":1,"82":1,"83":1,"84":2,"85":2,"86":2,"87":1,"88":1,"89":1,"90":1,"91":2,"92":2,"93":2,"94":1,"95":1,"96":1,"97":1,"98":2,"99":2,"100":2,"101":1,"102":1,"103":1,"104":0,"105":1,"106":1,"107":1,"108":1,"109":0,"110":1,"111":1,"112":0,"113":1,"114":0,"115":0,"116":0,"117":0,"118":0,"119":0,"120":0,"121":0,"122":0,"123":0,"124":0,"125":0,"126":0,"127":0,"128":0,"129":0,"130":0,"131":0,"132":0,"133":0,"134":0,"135":0,"136":0,"137":0,"138":0,"139":0,"140":0,"141":0,"142":0,"143":0,"144":0,"145":0,"146":0,"147":0,"148":0,"149":0,"150":1},"f":{"0":1,"1":1,"2":2,"3":2,"4":2,"5":2,"6":1,"7":1,"8":1,"9":1,"10":1,"11":2,"12":2,"13":1,"14":2,"15":2,"16":1,"17":2,"18":2,"19":1,"20":2,"21":2,"22":1,"23":2,"24":2,"25":1,"26":2,"27":2,"28":1,"29":1,"30":1,"31":0,"32":0,"33":0,"34":0,"35":0,"36":0},"b":{"0":[0,1],"1":[0,2],"2":[1,1],"3":[1,0],"4":[1,0],"5":[1,0],"6":[0,1],"7":[0,1],"8":[1,0],"9":[1,1],"10":[1,0],"11":[1,1],"12":[0,1],"13":[1,0],"14":[1,1],"15":[1,1],"16":[1,1],"17":[1,1],"18":[1,0],"19":[0,1],"20":[1,0],"21":[0,0],"22":[0,0],"23":[0,0],"24":[0,0],"25":[0,0],"26":[0,0],"27":[0,0],"28":[0,0]},"_coverageSchema":"1a1c01bbd47fc00a2c39e90264f33305004495a9","hash":"46d905601328725bce27591a51d0c3838ffc4515"}
}
