TN:
SF:modules\answers\answers.js
FN:37,(anonymous_0)
FN:43,(anonymous_1)
FN:46,(anonymous_2)
FN:47,(anonymous_3)
FN:54,(anonymous_4)
FN:57,(anonymous_5)
FN:61,(anonymous_6)
FN:76,(anonymous_7)
FN:86,(anonymous_8)
FN:93,(anonymous_9)
FN:100,(anonymous_10)
FN:110,(anonymous_11)
FN:153,(anonymous_12)
FN:163,(anonymous_13)
FN:168,(anonymous_14)
FN:174,(anonymous_15)
FN:189,(anonymous_16)
FN:217,(anonymous_17)
FN:226,(anonymous_18)
FN:234,(anonymous_19)
FN:239,(anonymous_20)
FN:248,(anonymous_21)
FN:273,(anonymous_22)
FN:300,(anonymous_23)
FNF:24
FNH:22
FNDA:3,(anonymous_0)
FNDA:3,(anonymous_1)
FNDA:0,(anonymous_2)
FNDA:0,(anonymous_3)
FNDA:2,(anonymous_4)
FNDA:2,(anonymous_5)
FNDA:1,(anonymous_6)
FNDA:8,(anonymous_7)
FNDA:7,(anonymous_8)
FNDA:6,(anonymous_9)
FNDA:5,(anonymous_10)
FNDA:1,(anonymous_11)
FNDA:9,(anonymous_12)
FNDA:8,(anonymous_13)
FNDA:7,(anonymous_14)
FNDA:6,(anonymous_15)
FNDA:1,(anonymous_16)
FNDA:7,(anonymous_17)
FNDA:6,(anonymous_18)
FNDA:5,(anonymous_19)
FNDA:3,(anonymous_20)
FNDA:1,(anonymous_21)
FNDA:5,(anonymous_22)
FNDA:5,(anonymous_23)
DA:1,3
DA:2,3
DA:3,3
DA:4,3
DA:5,3
DA:6,3
DA:7,3
DA:9,3
DA:10,3
DA:11,3
DA:12,3
DA:13,3
DA:14,3
DA:15,3
DA:16,3
DA:23,3
DA:25,3
DA:27,3
DA:28,3
DA:29,3
DA:30,3
DA:33,3
DA:35,3
DA:37,3
DA:38,3
DA:39,3
DA:43,3
DA:46,3
DA:47,0
DA:48,0
DA:49,0
DA:54,3
DA:55,2
DA:57,2
DA:58,2
DA:59,2
DA:60,1
DA:61,1
DA:62,1
DA:64,1
DA:65,1
DA:70,1
DA:76,3
DA:77,8
DA:78,8
DA:81,8
DA:82,1
DA:86,7
DA:87,7
DA:89,6
DA:90,6
DA:93,6
DA:94,6
DA:95,6
DA:96,5
DA:97,5
DA:100,5
DA:101,5
DA:103,5
DA:104,3
DA:105,1
DA:108,2
DA:110,1
DA:111,1
DA:115,1
DA:116,1
DA:117,1
DA:124,1
DA:125,1
DA:129,1
DA:135,2
DA:141,1
DA:146,1
DA:153,3
DA:154,9
DA:155,9
DA:158,9
DA:159,1
DA:163,8
DA:164,8
DA:166,7
DA:168,7
DA:169,7
DA:170,7
DA:172,6
DA:174,6
DA:175,6
DA:178,6
DA:180,4
DA:181,1
DA:183,3
DA:184,1
DA:187,2
DA:189,1
DA:190,1
DA:191,1
DA:195,1
DA:198,2
DA:204,1
DA:209,1
DA:217,3
DA:218,7
DA:219,7
DA:222,7
DA:223,1
DA:226,6
DA:229,6
DA:231,5
DA:234,5
DA:235,5
DA:236,5
DA:239,3
DA:240,3
DA:241,2
DA:244,2
DA:245,1
DA:248,1
DA:249,1
DA:250,1
DA:251,1
DA:256,1
DA:261,2
DA:266,1
DA:273,3
DA:274,5
DA:275,5
DA:277,5
DA:278,5
DA:280,5
DA:281,1
DA:284,4
DA:285,1
DA:288,3
DA:289,2
DA:293,1
DA:294,1
DA:295,1
DA:300,3
DA:301,5
DA:302,5
DA:303,5
DA:305,5
DA:306,5
DA:308,5
DA:309,1
DA:311,4
DA:312,1
DA:314,3
DA:315,1
DA:319,2
DA:320,2
DA:321,2
DA:322,2
DA:325,0
DA:326,0
DA:328,0
DA:330,0
DA:331,0
DA:332,0
DA:334,0
DA:335,0
DA:336,0
DA:339,0
DA:341,0
DA:343,0
DA:344,0
DA:345,0
DA:347,0
DA:348,0
DA:349,0
DA:354,2
DA:355,2
DA:357,2
DA:361,2
DA:367,2
DA:368,2
DA:369,1
DA:370,1
DA:372,1
DA:379,1
DA:382,2
DA:391,3
LF:182
LH:162
BRDA:38,0,0,0
BRDA:38,0,1,3
BRDA:48,1,0,0
BRDA:48,1,1,0
BRDA:58,2,0,0
BRDA:58,2,1,2
BRDA:59,3,0,1
BRDA:59,3,1,1
BRDA:62,4,0,0
BRDA:62,4,1,1
BRDA:81,5,0,1
BRDA:81,5,1,7
BRDA:87,6,0,6
BRDA:87,6,1,1
BRDA:87,7,0,7
BRDA:87,7,1,6
BRDA:94,8,0,0
BRDA:94,8,1,6
BRDA:95,9,0,5
BRDA:95,9,1,1
BRDA:101,10,0,0
BRDA:101,10,1,5
BRDA:103,11,0,3
BRDA:103,11,1,2
BRDA:103,12,0,5
BRDA:103,12,1,4
BRDA:104,13,0,1
BRDA:104,13,1,2
BRDA:108,14,0,1
BRDA:108,14,1,1
BRDA:111,15,0,0
BRDA:111,15,1,1
BRDA:158,16,0,1
BRDA:158,16,1,8
BRDA:164,17,0,7
BRDA:164,17,1,1
BRDA:164,18,0,8
BRDA:164,18,1,7
BRDA:169,19,0,0
BRDA:169,19,1,7
BRDA:170,20,0,6
BRDA:170,20,1,1
BRDA:175,21,0,0
BRDA:175,21,1,6
BRDA:178,22,0,4
BRDA:178,22,1,2
BRDA:178,23,0,6
BRDA:178,23,1,5
BRDA:180,24,0,1
BRDA:180,24,1,3
BRDA:183,25,0,1
BRDA:183,25,1,2
BRDA:187,26,0,1
BRDA:187,26,1,1
BRDA:190,27,0,0
BRDA:190,27,1,1
BRDA:222,28,0,1
BRDA:222,28,1,6
BRDA:229,29,0,5
BRDA:229,29,1,1
BRDA:229,30,0,6
BRDA:229,30,1,5
BRDA:235,31,0,0
BRDA:235,31,1,5
BRDA:236,32,0,3
BRDA:236,32,1,2
BRDA:236,33,0,5
BRDA:236,33,1,4
BRDA:240,34,0,2
BRDA:240,34,1,1
BRDA:244,35,0,1
BRDA:244,35,1,1
BRDA:249,36,0,0
BRDA:249,36,1,1
BRDA:280,37,0,1
BRDA:280,37,1,4
BRDA:280,38,0,5
BRDA:280,38,1,4
BRDA:284,39,0,1
BRDA:284,39,1,3
BRDA:284,40,0,4
BRDA:284,40,1,3
BRDA:288,41,0,2
BRDA:288,41,1,1
BRDA:288,42,0,3
BRDA:288,42,1,2
BRDA:293,43,0,0
BRDA:293,43,1,1
BRDA:308,44,0,1
BRDA:308,44,1,4
BRDA:308,45,0,5
BRDA:308,45,1,4
BRDA:311,46,0,1
BRDA:311,46,1,3
BRDA:311,47,0,4
BRDA:311,47,1,3
BRDA:314,48,0,1
BRDA:314,48,1,2
BRDA:320,49,0,2
BRDA:320,49,1,0
BRDA:321,50,0,1
BRDA:321,50,1,1
BRDA:326,51,0,0
BRDA:326,51,1,0
BRDA:328,52,0,0
BRDA:328,52,1,0
BRDA:334,53,0,0
BRDA:334,53,1,0
BRDA:339,54,0,0
BRDA:339,54,1,0
BRDA:341,55,0,0
BRDA:341,55,1,0
BRDA:347,56,0,0
BRDA:347,56,1,0
BRDA:354,57,0,2
BRDA:354,57,1,0
BRDA:368,58,0,1
BRDA:368,58,1,1
BRF:118
BRH:90
end_of_record
TN:
SF:modules\answers\authorize.js
FN:5,get_token
FN:10,validate_user
FN:17,(anonymous_2)
FN:22,(anonymous_3)
FNF:4
FNH:1
FNDA:0,get_token
FNDA:24,validate_user
FNDA:0,(anonymous_2)
FNDA:0,(anonymous_3)
DA:1,3
DA:2,3
DA:5,3
DA:6,0
DA:10,3
DA:13,24
DA:14,24
DA:17,0
DA:18,0
DA:23,0
DA:24,0
DA:25,0
DA:28,0
DA:29,0
DA:30,0
DA:34,0
DA:35,0
DA:36,0
LF:18
LH:6
BRDA:13,0,0,24
BRDA:13,0,1,0
BRDA:23,1,0,0
BRDA:23,1,1,0
BRDA:25,2,0,0
BRDA:25,2,1,0
BRF:6
BRH:1
end_of_record
TN:
SF:modules\comments\authorize.js
FN:5,get_token
FN:10,validate_user
FN:17,(anonymous_2)
FN:22,(anonymous_3)
FNF:4
FNH:1
FNDA:0,get_token
FNDA:19,validate_user
FNDA:0,(anonymous_2)
FNDA:0,(anonymous_3)
DA:1,3
DA:2,3
DA:5,3
DA:6,0
DA:10,3
DA:13,19
DA:14,19
DA:17,0
DA:18,0
DA:23,0
DA:24,0
DA:25,0
DA:28,0
DA:29,0
DA:30,0
DA:34,0
DA:35,0
DA:36,0
LF:18
LH:6
BRDA:13,0,0,19
BRDA:13,0,1,0
BRDA:23,1,0,0
BRDA:23,1,1,0
BRDA:25,2,0,0
BRDA:25,2,1,0
BRF:6
BRH:1
end_of_record
TN:
SF:modules\comments\comments.js
FN:39,(anonymous_0)
FN:42,(anonymous_1)
FN:45,(anonymous_2)
FN:47,(anonymous_3)
FN:54,(anonymous_4)
FN:56,(anonymous_5)
FN:63,(anonymous_6)
FN:70,(anonymous_7)
FN:73,(anonymous_8)
FN:91,(anonymous_9)
FN:122,(anonymous_10)
FN:129,(anonymous_11)
FN:133,(anonymous_12)
FN:135,(anonymous_13)
FN:155,(anonymous_14)
FN:162,(anonymous_15)
FN:166,(anonymous_16)
FN:183,(anonymous_17)
FN:189,(anonymous_18)
FN:194,(anonymous_19)
FN:236,(anonymous_20)
FN:250,(anonymous_21)
FN:256,(anonymous_22)
FN:261,(anonymous_23)
FN:304,(anonymous_24)
FN:319,(anonymous_25)
FN:321,(anonymous_26)
FN:323,(anonymous_27)
FNF:28
FNH:25
FNDA:3,(anonymous_0)
FNDA:3,(anonymous_1)
FNDA:2,(anonymous_2)
FNDA:2,(anonymous_3)
FNDA:1,(anonymous_4)
FNDA:1,(anonymous_5)
FNDA:6,(anonymous_6)
FNDA:5,(anonymous_7)
FNDA:3,(anonymous_8)
FNDA:1,(anonymous_9)
FNDA:6,(anonymous_10)
FNDA:5,(anonymous_11)
FNDA:4,(anonymous_12)
FNDA:2,(anonymous_13)
FNDA:5,(anonymous_14)
FNDA:4,(anonymous_15)
FNDA:3,(anonymous_16)
FNDA:7,(anonymous_17)
FNDA:6,(anonymous_18)
FNDA:5,(anonymous_19)
FNDA:4,(anonymous_20)
FNDA:4,(anonymous_21)
FNDA:4,(anonymous_22)
FNDA:4,(anonymous_23)
FNDA:4,(anonymous_24)
FNDA:0,(anonymous_25)
FNDA:0,(anonymous_26)
FNDA:0,(anonymous_27)
DA:1,3
DA:2,3
DA:3,3
DA:4,3
DA:5,3
DA:6,3
DA:7,3
DA:10,3
DA:11,3
DA:12,3
DA:13,3
DA:14,3
DA:15,3
DA:17,3
DA:18,3
DA:19,3
DA:20,3
DA:21,3
DA:22,3
DA:23,3
DA:24,3
DA:30,3
DA:34,3
DA:35,3
DA:36,3
DA:39,3
DA:40,3
DA:41,3
DA:42,3
DA:45,3
DA:46,2
DA:47,2
DA:48,2
DA:49,1
DA:54,3
DA:55,1
DA:56,1
DA:57,1
DA:58,1
DA:63,3
DA:66,6
DA:67,6
DA:69,5
DA:70,5
DA:71,5
DA:72,3
DA:73,3
DA:74,3
DA:75,2
DA:77,1
DA:78,1
DA:80,1
DA:89,1
DA:90,1
DA:91,1
DA:92,1
DA:95,1
DA:96,1
DA:97,1
DA:99,1
DA:106,1
DA:108,1
DA:113,1
DA:116,2
DA:122,3
DA:125,6
DA:126,6
DA:127,6
DA:129,5
DA:130,5
DA:131,5
DA:132,4
DA:133,4
DA:134,4
DA:135,2
DA:136,2
DA:137,2
DA:139,1
DA:140,1
DA:143,0
DA:146,2
DA:149,1
DA:155,3
DA:158,5
DA:159,5
DA:160,5
DA:162,4
DA:163,4
DA:164,4
DA:165,3
DA:166,3
DA:167,3
DA:168,2
DA:169,1
DA:170,1
DA:172,1
DA:174,1
DA:177,1
DA:183,3
DA:185,7
DA:186,7
DA:187,7
DA:189,6
DA:190,6
DA:191,6
DA:192,5
DA:194,5
DA:195,5
DA:197,4
DA:198,4
DA:199,4
DA:200,2
DA:201,2
DA:204,2
DA:205,2
DA:207,1
DA:209,1
DA:210,1
DA:211,1
DA:213,0
DA:214,0
DA:215,0
DA:218,1
DA:220,1
DA:222,0
DA:223,0
DA:224,0
DA:226,1
DA:227,1
DA:228,1
DA:233,4
DA:234,3
DA:236,4
DA:237,4
DA:238,4
DA:241,1
DA:244,1
DA:250,3
DA:252,4
DA:253,4
DA:254,4
DA:256,4
DA:257,4
DA:258,4
DA:259,4
DA:261,4
DA:262,4
DA:264,4
DA:265,4
DA:266,4
DA:267,2
DA:268,2
DA:271,2
DA:272,2
DA:274,1
DA:276,0
DA:277,0
DA:278,0
DA:280,1
DA:281,1
DA:282,1
DA:285,1
DA:287,1
DA:289,1
DA:290,1
DA:291,1
DA:293,0
DA:294,0
DA:295,0
DA:300,4
DA:301,3
DA:304,4
DA:305,4
DA:306,4
DA:309,0
DA:312,0
DA:319,3
DA:320,0
DA:321,0
DA:322,0
DA:323,0
DA:324,0
DA:325,0
DA:328,0
DA:334,3
LF:185
LH:163
BRDA:40,0,0,0
BRDA:40,0,1,3
BRDA:48,1,0,1
BRDA:48,1,1,1
BRDA:57,2,0,0
BRDA:57,2,1,1
BRDA:67,3,0,1
BRDA:67,3,1,5
BRDA:71,4,0,3
BRDA:71,4,1,2
BRDA:71,5,0,5
BRDA:71,5,1,3
BRDA:74,6,0,2
BRDA:74,6,1,1
BRDA:75,7,0,1
BRDA:75,7,1,1
BRDA:92,8,0,0
BRDA:92,8,1,1
BRDA:95,9,0,1
BRDA:95,9,1,0
BRDA:127,10,0,1
BRDA:127,10,1,5
BRDA:130,11,0,0
BRDA:130,11,1,5
BRDA:131,12,0,4
BRDA:131,12,1,1
BRDA:131,13,0,5
BRDA:131,13,1,4
BRDA:134,14,0,2
BRDA:134,14,1,2
BRDA:134,15,0,4
BRDA:134,15,1,3
BRDA:136,16,0,2
BRDA:136,16,1,0
BRDA:137,17,0,1
BRDA:137,17,1,1
BRDA:160,18,0,1
BRDA:160,18,1,4
BRDA:163,19,0,0
BRDA:163,19,1,4
BRDA:164,20,0,3
BRDA:164,20,1,1
BRDA:164,21,0,4
BRDA:164,21,1,3
BRDA:167,22,0,2
BRDA:167,22,1,1
BRDA:168,23,0,1
BRDA:168,23,1,1
BRDA:187,24,0,1
BRDA:187,24,1,6
BRDA:190,25,0,0
BRDA:190,25,1,6
BRDA:191,26,0,5
BRDA:191,26,1,1
BRDA:191,27,0,6
BRDA:191,27,1,5
BRDA:195,28,0,4
BRDA:195,28,1,1
BRDA:199,29,0,2
BRDA:199,29,1,2
BRDA:200,30,0,2
BRDA:200,30,1,0
BRDA:205,31,0,1
BRDA:205,31,1,1
BRDA:207,32,0,1
BRDA:207,32,1,0
BRDA:213,33,0,0
BRDA:213,33,1,0
BRDA:218,34,0,1
BRDA:218,34,1,0
BRDA:220,35,0,0
BRDA:220,35,1,1
BRDA:226,36,0,1
BRDA:226,36,1,0
BRDA:233,37,0,3
BRDA:233,37,1,1
BRDA:237,38,0,0
BRDA:237,38,1,4
BRDA:254,39,0,0
BRDA:254,39,1,4
BRDA:257,40,0,0
BRDA:257,40,1,4
BRDA:258,41,0,4
BRDA:258,41,1,0
BRDA:258,42,0,4
BRDA:258,42,1,4
BRDA:262,43,0,4
BRDA:262,43,1,0
BRDA:266,44,0,2
BRDA:266,44,1,2
BRDA:267,45,0,0
BRDA:267,45,1,2
BRDA:272,46,0,1
BRDA:272,46,1,1
BRDA:274,47,0,0
BRDA:274,47,1,1
BRDA:280,48,0,1
BRDA:280,48,1,0
BRDA:285,49,0,1
BRDA:285,49,1,0
BRDA:287,50,0,1
BRDA:287,50,1,0
BRDA:293,51,0,0
BRDA:293,51,1,0
BRDA:300,52,0,3
BRDA:300,52,1,1
BRDA:305,53,0,0
BRDA:305,53,1,4
BRDA:322,54,0,0
BRDA:322,54,1,0
BRDA:324,55,0,0
BRDA:324,55,1,0
BRF:112
BRH:80
end_of_record
TN:
SF:modules\dashboard\dashboard.js
FN:18,(anonymous_0)
FN:38,(anonymous_1)
FN:44,(anonymous_2)
FN:45,(anonymous_3)
FN:49,(anonymous_4)
FN:57,(anonymous_5)
FN:62,(anonymous_6)
FN:63,(anonymous_7)
FN:68,(anonymous_8)
FN:71,(anonymous_9)
FN:73,(anonymous_10)
FN:74,(anonymous_11)
FN:75,(anonymous_12)
FN:75,(anonymous_13)
FN:80,(anonymous_14)
FN:82,(anonymous_15)
FN:84,(anonymous_16)
FN:85,(anonymous_17)
FN:86,(anonymous_18)
FN:86,(anonymous_19)
FN:91,(anonymous_20)
FN:93,(anonymous_21)
FN:93,(anonymous_22)
FN:94,(anonymous_23)
FN:94,(anonymous_24)
FN:104,(anonymous_25)
FN:106,(anonymous_26)
FN:107,(anonymous_27)
FN:110,(anonymous_28)
FN:111,(anonymous_29)
FN:117,(anonymous_30)
FN:118,(anonymous_31)
FN:125,(anonymous_32)
FN:128,(anonymous_33)
FN:129,(anonymous_34)
FN:139,(anonymous_35)
FN:151,(anonymous_36)
FN:154,(anonymous_37)
FN:159,(anonymous_38)
FN:161,(anonymous_39)
FN:163,(anonymous_40)
FN:164,(anonymous_41)
FN:165,(anonymous_42)
FN:165,(anonymous_43)
FN:170,(anonymous_44)
FN:173,(anonymous_45)
FN:173,(anonymous_46)
FN:191,(anonymous_47)
FN:203,(anonymous_48)
FN:205,(anonymous_49)
FN:207,(anonymous_50)
FN:211,(anonymous_51)
FN:218,(anonymous_52)
FN:223,(anonymous_53)
FN:226,(anonymous_54)
FNF:55
FNH:51
FNDA:11,(anonymous_0)
FNDA:1,(anonymous_1)
FNDA:1,(anonymous_2)
FNDA:1,(anonymous_3)
FNDA:1,(anonymous_4)
FNDA:1,(anonymous_5)
FNDA:1,(anonymous_6)
FNDA:127,(anonymous_7)
FNDA:1,(anonymous_8)
FNDA:1,(anonymous_9)
FNDA:1,(anonymous_10)
FNDA:1,(anonymous_11)
FNDA:10,(anonymous_12)
FNDA:4,(anonymous_13)
FNDA:1,(anonymous_14)
FNDA:1,(anonymous_15)
FNDA:1,(anonymous_16)
FNDA:1,(anonymous_17)
FNDA:9,(anonymous_18)
FNDA:0,(anonymous_19)
FNDA:1,(anonymous_20)
FNDA:4,(anonymous_21)
FNDA:3,(anonymous_22)
FNDA:0,(anonymous_23)
FNDA:0,(anonymous_24)
FNDA:1,(anonymous_25)
FNDA:1,(anonymous_26)
FNDA:1,(anonymous_27)
FNDA:1,(anonymous_28)
FNDA:1,(anonymous_29)
FNDA:1,(anonymous_30)
FNDA:5,(anonymous_31)
FNDA:1,(anonymous_32)
FNDA:6,(anonymous_33)
FNDA:0,(anonymous_34)
FNDA:1,(anonymous_35)
FNDA:1,(anonymous_36)
FNDA:1,(anonymous_37)
FNDA:1,(anonymous_38)
FNDA:1,(anonymous_39)
FNDA:1,(anonymous_40)
FNDA:1,(anonymous_41)
FNDA:10,(anonymous_42)
FNDA:4,(anonymous_43)
FNDA:1,(anonymous_44)
FNDA:4,(anonymous_45)
FNDA:3,(anonymous_46)
FNDA:4,(anonymous_47)
FNDA:4,(anonymous_48)
FNDA:22,(anonymous_49)
FNDA:69,(anonymous_50)
FNDA:4,(anonymous_51)
FNDA:1,(anonymous_52)
FNDA:1,(anonymous_53)
FNDA:10,(anonymous_54)
DA:3,1
DA:4,1
DA:5,1
DA:6,1
DA:7,1
DA:8,1
DA:9,1
DA:10,1
DA:11,1
DA:12,1
DA:13,1
DA:14,1
DA:15,1
DA:16,1
DA:17,1
DA:18,1
DA:19,11
DA:20,11
DA:23,1
DA:24,1
DA:25,1
DA:26,1
DA:27,1
DA:28,1
DA:29,1
DA:30,1
DA:36,1
DA:38,1
DA:39,1
DA:40,0
DA:41,1
DA:44,1
DA:45,1
DA:46,1
DA:49,1
DA:50,1
DA:51,1
DA:57,1
DA:58,1
DA:59,1
DA:60,1
DA:62,1
DA:63,127
DA:64,1
DA:65,0
DA:67,1
DA:69,1
DA:70,1
DA:71,1
DA:72,1
DA:73,1
DA:74,1
DA:75,10
DA:78,1
DA:79,1
DA:82,1
DA:83,1
DA:84,1
DA:85,1
DA:86,9
DA:89,1
DA:90,1
DA:92,1
DA:93,4
DA:94,0
DA:96,1
DA:104,1
DA:105,1
DA:106,1
DA:107,1
DA:108,1
DA:111,1
DA:112,1
DA:113,1
DA:117,1
DA:118,1
DA:119,5
DA:120,4
DA:122,1
DA:124,1
DA:127,1
DA:128,6
DA:129,1
DA:130,1
DA:139,1
DA:140,1
DA:143,1
DA:147,1
DA:151,1
DA:152,1
DA:153,1
DA:154,1
DA:155,1
DA:157,1
DA:158,1
DA:161,1
DA:162,1
DA:163,1
DA:164,1
DA:165,10
DA:168,1
DA:169,1
DA:172,1
DA:173,4
DA:175,1
DA:191,1
DA:192,4
DA:193,4
DA:194,4
DA:196,4
DA:197,3
DA:198,1
DA:199,1
DA:200,4
DA:201,4
DA:203,4
DA:204,4
DA:205,22
DA:206,3
DA:207,69
DA:210,4
DA:212,4
DA:218,1
DA:219,1
DA:223,1
DA:224,1
DA:225,1
DA:226,10
DA:231,1
LF:129
LH:126
BRDA:39,0,0,0
BRDA:39,0,1,1
BRDA:64,1,0,0
BRDA:64,1,1,1
BRDA:75,2,0,10
BRDA:75,2,1,7
BRDA:112,3,0,0
BRDA:112,3,1,1
BRDA:119,4,0,4
BRDA:119,4,1,1
BRDA:196,5,0,3
BRDA:196,5,1,1
BRDA:198,6,0,1
BRDA:198,6,1,0
BRDA:204,7,0,1
BRDA:204,7,1,3
BRDA:206,8,0,3
BRDA:206,8,1,0
BRF:18
BRH:13
end_of_record
TN:
SF:modules\notifications\authorize.js
FN:5,get_token
FN:10,validate_user
FN:17,(anonymous_2)
FN:22,(anonymous_3)
FNF:4
FNH:1
FNDA:0,get_token
FNDA:9,validate_user
FNDA:0,(anonymous_2)
FNDA:0,(anonymous_3)
DA:1,1
DA:2,1
DA:5,1
DA:6,0
DA:10,1
DA:13,9
DA:14,9
DA:17,0
DA:18,0
DA:23,0
DA:24,0
DA:25,0
DA:28,0
DA:29,0
DA:30,0
DA:34,0
DA:35,0
DA:36,0
LF:18
LH:6
BRDA:13,0,0,9
BRDA:13,0,1,0
BRDA:23,1,0,0
BRDA:23,1,1,0
BRDA:25,2,0,0
BRDA:25,2,1,0
BRF:6
BRH:1
end_of_record
TN:
SF:modules\notifications\notifications.js
FN:48,(anonymous_0)
FN:54,(anonymous_1)
FN:58,(anonymous_2)
FN:69,(anonymous_3)
FN:73,(anonymous_4)
FN:92,(anonymous_5)
FN:104,(anonymous_6)
FN:108,(anonymous_7)
FN:112,(anonymous_8)
FN:133,(anonymous_9)
FN:144,(anonymous_10)
FN:148,(anonymous_11)
FN:164,(anonymous_12)
FN:176,(anonymous_13)
FN:184,(anonymous_14)
FNF:15
FNH:15
FNDA:1,(anonymous_0)
FNDA:1,(anonymous_1)
FNDA:5,(anonymous_2)
FNDA:4,(anonymous_3)
FNDA:2,(anonymous_4)
FNDA:3,(anonymous_5)
FNDA:3,(anonymous_6)
FNDA:2,(anonymous_7)
FNDA:1,(anonymous_8)
FNDA:2,(anonymous_9)
FNDA:2,(anonymous_10)
FNDA:1,(anonymous_11)
FNDA:3,(anonymous_12)
FNDA:2,(anonymous_13)
FNDA:1,(anonymous_14)
DA:3,1
DA:4,1
DA:5,1
DA:6,1
DA:7,1
DA:8,1
DA:9,1
DA:19,1
DA:20,1
DA:21,1
DA:22,1
DA:23,1
DA:24,1
DA:25,1
DA:26,1
DA:32,1
DA:34,1
DA:37,1
DA:38,1
DA:39,1
DA:40,1
DA:41,1
DA:44,1
DA:48,1
DA:49,1
DA:50,1
DA:54,1
DA:58,1
DA:59,5
DA:61,5
DA:62,5
DA:63,4
DA:65,5
DA:66,1
DA:69,4
DA:71,4
DA:73,2
DA:74,2
DA:75,0
DA:76,2
DA:77,1
DA:79,1
DA:84,2
DA:92,1
DA:93,3
DA:94,3
DA:96,3
DA:97,3
DA:98,2
DA:100,3
DA:101,0
DA:104,3
DA:106,3
DA:108,2
DA:109,2
DA:110,0
DA:111,2
DA:112,1
DA:113,1
DA:114,0
DA:115,1
DA:119,1
DA:125,1
DA:133,1
DA:134,2
DA:136,2
DA:137,2
DA:138,1
DA:140,2
DA:141,0
DA:144,2
DA:146,2
DA:148,1
DA:149,1
DA:150,0
DA:151,1
DA:156,1
DA:164,1
DA:165,3
DA:166,3
DA:168,3
DA:169,3
DA:170,3
DA:172,3
DA:173,1
DA:176,2
DA:178,2
DA:179,1
DA:181,1
DA:182,1
DA:184,1
DA:185,1
DA:186,0
DA:187,1
DA:188,1
DA:193,1
DA:203,1
LF:97
LH:90
BRDA:49,0,0,0
BRDA:49,0,1,1
BRDA:62,1,0,4
BRDA:62,1,1,1
BRDA:65,2,0,1
BRDA:65,2,1,4
BRDA:65,3,0,5
BRDA:65,3,1,4
BRDA:71,4,0,2
BRDA:71,4,1,2
BRDA:71,5,0,4
BRDA:71,5,1,3
BRDA:71,5,2,3
BRDA:74,6,0,0
BRDA:74,6,1,2
BRDA:76,7,0,1
BRDA:76,7,1,1
BRDA:97,8,0,2
BRDA:97,8,1,1
BRDA:100,9,0,0
BRDA:100,9,1,3
BRDA:100,10,0,3
BRDA:100,10,1,3
BRDA:106,11,0,2
BRDA:106,11,1,1
BRDA:106,12,0,3
BRDA:106,12,1,3
BRDA:106,12,2,3
BRDA:109,13,0,0
BRDA:109,13,1,2
BRDA:111,14,0,1
BRDA:111,14,1,1
BRDA:111,15,0,2
BRDA:111,15,1,1
BRDA:113,16,0,0
BRDA:113,16,1,1
BRDA:137,17,0,1
BRDA:137,17,1,1
BRDA:140,18,0,0
BRDA:140,18,1,2
BRDA:140,19,0,2
BRDA:140,19,1,2
BRDA:146,20,0,1
BRDA:146,20,1,1
BRDA:146,21,0,2
BRDA:146,21,1,2
BRDA:146,21,2,2
BRDA:149,22,0,0
BRDA:149,22,1,1
BRDA:169,23,0,3
BRDA:169,23,1,0
BRDA:172,24,0,1
BRDA:172,24,1,2
BRDA:172,25,0,3
BRDA:172,25,1,2
BRDA:178,26,0,1
BRDA:178,26,1,1
BRDA:178,27,0,2
BRDA:178,27,1,1
BRDA:185,28,0,0
BRDA:185,28,1,1
BRF:61
BRH:52
end_of_record
TN:
SF:modules\questions\authorize.js
FN:5,get_token
FN:10,validate_user
FN:17,(anonymous_2)
FN:22,(anonymous_3)
FNF:4
FNH:1
FNDA:0,get_token
FNDA:25,validate_user
FNDA:0,(anonymous_2)
FNDA:0,(anonymous_3)
DA:1,3
DA:2,3
DA:5,3
DA:6,0
DA:10,3
DA:13,25
DA:14,25
DA:17,0
DA:18,0
DA:23,0
DA:24,0
DA:25,0
DA:28,0
DA:29,0
DA:30,0
DA:34,0
DA:35,0
DA:36,0
LF:18
LH:6
BRDA:13,0,0,25
BRDA:13,0,1,0
BRDA:23,1,0,0
BRDA:23,1,1,0
BRDA:25,2,0,0
BRDA:25,2,1,0
BRF:6
BRH:1
end_of_record
TN:
SF:modules\questions\questions.js
FN:39,(anonymous_0)
FN:44,(anonymous_1)
FN:46,(anonymous_2)
FN:50,(anonymous_3)
FN:54,(anonymous_4)
FN:73,(anonymous_5)
FN:75,(anonymous_6)
FN:82,(anonymous_7)
FN:93,(anonymous_8)
FN:117,(anonymous_9)
FN:135,(anonymous_10)
FN:146,(anonymous_11)
FN:156,(anonymous_12)
FN:211,(anonymous_13)
FN:249,(anonymous_14)
FN:259,(anonymous_15)
FN:267,(anonymous_16)
FN:274,(anonymous_17)
FN:278,(anonymous_18)
FN:281,(anonymous_19)
FN:282,(anonymous_20)
FN:284,(anonymous_21)
FN:285,(anonymous_22)
FN:286,(anonymous_23)
FN:304,(anonymous_24)
FN:335,(anonymous_25)
FN:347,(anonymous_26)
FN:355,(anonymous_27)
FN:381,(anonymous_28)
FN:385,(anonymous_29)
FN:388,(anonymous_30)
FN:389,(anonymous_31)
FN:391,(anonymous_32)
FN:392,(anonymous_33)
FN:393,(anonymous_34)
FN:412,(anonymous_35)
FN:446,(anonymous_36)
FN:449,(anonymous_37)
FN:451,(anonymous_38)
FN:463,(anonymous_39)
FN:472,(anonymous_40)
FN:482,(anonymous_41)
FN:506,(anonymous_42)
FN:551,(anonymous_43)
FN:559,(anonymous_44)
FN:565,(anonymous_45)
FN:572,(anonymous_46)
FN:575,(anonymous_47)
FN:578,(anonymous_48)
FN:579,(anonymous_49)
FN:581,(anonymous_50)
FN:582,(anonymous_51)
FN:583,(anonymous_52)
FN:601,(anonymous_53)
FN:632,(anonymous_54)
FN:640,(anonymous_55)
FN:646,(anonymous_56)
FN:653,(anonymous_57)
FN:656,(anonymous_58)
FN:659,(anonymous_59)
FN:660,(anonymous_60)
FN:662,(anonymous_61)
FN:663,(anonymous_62)
FN:664,(anonymous_63)
FN:683,(anonymous_64)
FNF:65
FNH:60
FNDA:3,(anonymous_0)
FNDA:3,(anonymous_1)
FNDA:2,(anonymous_2)
FNDA:2,(anonymous_3)
FNDA:1,(anonymous_4)
FNDA:0,(anonymous_5)
FNDA:0,(anonymous_6)
FNDA:3,(anonymous_7)
FNDA:2,(anonymous_8)
FNDA:1,(anonymous_9)
FNDA:7,(anonymous_10)
FNDA:6,(anonymous_11)
FNDA:6,(anonymous_12)
FNDA:6,(anonymous_13)
FNDA:5,(anonymous_14)
FNDA:4,(anonymous_15)
FNDA:3,(anonymous_16)
FNDA:1,(anonymous_17)
FNDA:1,(anonymous_18)
FNDA:1,(anonymous_19)
FNDA:1,(anonymous_20)
FNDA:1,(anonymous_21)
FNDA:1,(anonymous_22)
FNDA:1,(anonymous_23)
FNDA:1,(anonymous_24)
FNDA:6,(anonymous_25)
FNDA:5,(anonymous_26)
FNDA:4,(anonymous_27)
FNDA:1,(anonymous_28)
FNDA:1,(anonymous_29)
FNDA:1,(anonymous_30)
FNDA:1,(anonymous_31)
FNDA:1,(anonymous_32)
FNDA:1,(anonymous_33)
FNDA:1,(anonymous_34)
FNDA:1,(anonymous_35)
FNDA:0,(anonymous_36)
FNDA:0,(anonymous_37)
FNDA:0,(anonymous_38)
FNDA:4,(anonymous_39)
FNDA:4,(anonymous_40)
FNDA:3,(anonymous_41)
FNDA:1,(anonymous_42)
FNDA:5,(anonymous_43)
FNDA:4,(anonymous_44)
FNDA:4,(anonymous_45)
FNDA:1,(anonymous_46)
FNDA:1,(anonymous_47)
FNDA:1,(anonymous_48)
FNDA:1,(anonymous_49)
FNDA:1,(anonymous_50)
FNDA:1,(anonymous_51)
FNDA:1,(anonymous_52)
FNDA:1,(anonymous_53)
FNDA:5,(anonymous_54)
FNDA:4,(anonymous_55)
FNDA:4,(anonymous_56)
FNDA:1,(anonymous_57)
FNDA:1,(anonymous_58)
FNDA:1,(anonymous_59)
FNDA:1,(anonymous_60)
FNDA:1,(anonymous_61)
FNDA:1,(anonymous_62)
FNDA:1,(anonymous_63)
FNDA:1,(anonymous_64)
DA:1,3
DA:2,3
DA:3,3
DA:4,3
DA:5,3
DA:6,3
DA:7,3
DA:9,3
DA:10,3
DA:11,3
DA:12,3
DA:13,3
DA:14,3
DA:15,3
DA:16,3
DA:22,3
DA:24,3
DA:27,3
DA:30,3
DA:31,3
DA:32,3
DA:33,3
DA:36,3
DA:39,3
DA:40,3
DA:41,3
DA:44,3
DA:46,3
DA:47,2
DA:50,2
DA:51,2
DA:53,1
DA:54,1
DA:55,1
DA:57,1
DA:58,1
DA:64,1
DA:73,3
DA:75,0
DA:76,0
DA:82,3
DA:84,3
DA:85,3
DA:88,3
DA:89,1
DA:93,2
DA:94,2
DA:97,2
DA:98,1
DA:99,1
DA:101,1
DA:115,1
DA:117,1
DA:118,1
DA:120,1
DA:127,1
DA:135,3
DA:137,7
DA:138,7
DA:139,7
DA:142,7
DA:143,1
DA:146,6
DA:147,6
DA:150,6
DA:152,6
DA:153,6
DA:156,6
DA:157,6
DA:158,6
DA:159,6
DA:162,6
DA:163,6
DA:164,2
DA:165,2
DA:168,4
DA:169,4
DA:171,2
DA:173,1
DA:174,1
DA:175,1
DA:177,1
DA:178,1
DA:179,1
DA:182,2
DA:184,2
DA:186,1
DA:187,1
DA:188,1
DA:190,1
DA:191,1
DA:192,1
DA:197,6
DA:198,4
DA:200,6
DA:204,6
DA:211,6
DA:212,6
DA:215,6
DA:216,6
DA:217,6
DA:218,6
DA:225,6
DA:228,6
DA:235,0
DA:241,0
DA:249,3
DA:251,5
DA:252,5
DA:255,5
DA:256,1
DA:259,4
DA:262,4
DA:264,3
DA:267,3
DA:270,3
DA:271,1
DA:274,1
DA:275,1
DA:278,1
DA:279,1
DA:281,1
DA:282,1
DA:283,1
DA:285,1
DA:286,1
DA:287,1
DA:288,1
DA:289,1
DA:291,1
DA:298,1
DA:303,1
DA:305,1
DA:306,1
DA:308,0
DA:309,0
DA:321,2
DA:327,1
DA:335,3
DA:338,6
DA:339,6
DA:340,6
DA:343,6
DA:344,1
DA:347,5
DA:350,5
DA:352,4
DA:355,4
DA:358,4
DA:359,2
DA:360,1
DA:363,1
DA:365,1
DA:368,1
DA:369,1
DA:370,1
DA:372,1
DA:381,1
DA:382,1
DA:385,1
DA:387,1
DA:388,1
DA:389,1
DA:390,1
DA:392,1
DA:393,1
DA:394,1
DA:396,1
DA:397,1
DA:399,1
DA:406,1
DA:410,1
DA:413,1
DA:414,1
DA:416,0
DA:417,0
DA:430,2
DA:436,1
DA:446,3
DA:448,0
DA:449,0
DA:450,0
DA:451,0
DA:452,0
DA:453,0
DA:456,0
DA:463,3
DA:464,4
DA:465,4
DA:466,4
DA:468,4
DA:469,0
DA:472,4
DA:474,4
DA:476,4
DA:478,3
DA:480,3
DA:482,3
DA:483,3
DA:484,3
DA:486,2
DA:488,1
DA:490,1
DA:491,1
DA:493,1
DA:504,1
DA:506,1
DA:507,1
DA:510,1
DA:511,1
DA:512,1
DA:514,1
DA:521,1
DA:523,1
DA:524,1
DA:530,1
DA:535,1
DA:541,1
DA:551,3
DA:552,5
DA:553,5
DA:555,5
DA:556,1
DA:559,4
DA:561,4
DA:563,4
DA:565,4
DA:566,4
DA:567,2
DA:568,1
DA:572,1
DA:573,1
DA:575,1
DA:577,1
DA:578,1
DA:579,1
DA:580,1
DA:582,1
DA:583,1
DA:584,1
DA:585,1
DA:586,1
DA:588,1
DA:595,1
DA:599,1
DA:603,1
DA:617,2
DA:623,0
DA:632,3
DA:633,5
DA:634,5
DA:636,5
DA:637,1
DA:640,4
DA:642,4
DA:644,4
DA:646,4
DA:647,4
DA:648,2
DA:649,1
DA:653,1
DA:654,1
DA:656,1
DA:658,1
DA:659,1
DA:660,1
DA:661,1
DA:663,1
DA:664,1
DA:665,1
DA:667,1
DA:668,1
DA:670,1
DA:677,1
DA:681,1
DA:685,1
DA:699,2
DA:705,0
DA:718,3
LF:279
LH:261
BRDA:40,0,0,0
BRDA:40,0,1,3
BRDA:51,1,0,1
BRDA:51,1,1,1
BRDA:55,2,0,0
BRDA:55,2,1,1
BRDA:88,3,0,1
BRDA:88,3,1,2
BRDA:88,4,0,3
BRDA:88,4,1,2
BRDA:94,5,0,0
BRDA:94,5,1,2
BRDA:97,6,0,1
BRDA:97,6,1,1
BRDA:97,7,0,2
BRDA:97,7,1,1
BRDA:118,8,0,0
BRDA:118,8,1,1
BRDA:142,9,0,1
BRDA:142,9,1,6
BRDA:142,10,0,7
BRDA:142,10,1,6
BRDA:147,11,0,0
BRDA:147,11,1,6
BRDA:150,12,0,6
BRDA:150,12,1,0
BRDA:150,13,0,6
BRDA:150,13,1,6
BRDA:157,14,0,6
BRDA:157,14,1,0
BRDA:163,15,0,2
BRDA:163,15,1,4
BRDA:164,16,0,1
BRDA:164,16,1,1
BRDA:169,17,0,2
BRDA:169,17,1,2
BRDA:171,18,0,1
BRDA:171,18,1,1
BRDA:177,19,0,1
BRDA:177,19,1,0
BRDA:182,20,0,2
BRDA:182,20,1,0
BRDA:184,21,0,1
BRDA:184,21,1,1
BRDA:190,22,0,1
BRDA:190,22,1,0
BRDA:197,23,0,4
BRDA:197,23,1,2
BRDA:212,24,0,0
BRDA:212,24,1,6
BRDA:215,25,0,6
BRDA:215,25,1,0
BRDA:255,26,0,1
BRDA:255,26,1,4
BRDA:255,27,0,5
BRDA:255,27,1,4
BRDA:262,28,0,3
BRDA:262,28,1,1
BRDA:262,29,0,4
BRDA:262,29,1,3
BRDA:270,30,0,1
BRDA:270,30,1,2
BRDA:270,31,0,3
BRDA:270,31,1,2
BRDA:275,32,0,0
BRDA:275,32,1,1
BRDA:287,33,0,1
BRDA:287,33,1,0
BRDA:305,34,0,1
BRDA:305,34,1,0
BRDA:308,35,0,0
BRDA:308,35,1,0
BRDA:343,36,0,1
BRDA:343,36,1,5
BRDA:343,37,0,6
BRDA:343,37,1,5
BRDA:350,38,0,4
BRDA:350,38,1,1
BRDA:350,39,0,5
BRDA:350,39,1,4
BRDA:358,40,0,2
BRDA:358,40,1,2
BRDA:358,41,0,4
BRDA:358,41,1,3
BRDA:359,42,0,1
BRDA:359,42,1,1
BRDA:368,43,0,1
BRDA:368,43,1,0
BRDA:369,44,0,0
BRDA:369,44,1,1
BRDA:370,45,0,1
BRDA:370,45,1,0
BRDA:382,46,0,0
BRDA:382,46,1,1
BRDA:394,47,0,1
BRDA:394,47,1,0
BRDA:413,48,0,1
BRDA:413,48,1,0
BRDA:416,49,0,0
BRDA:416,49,1,0
BRDA:450,50,0,0
BRDA:450,50,1,0
BRDA:452,51,0,0
BRDA:452,51,1,0
BRDA:468,52,0,0
BRDA:468,52,1,4
BRDA:468,53,0,4
BRDA:468,53,1,4
BRDA:474,54,0,0
BRDA:474,54,1,4
BRDA:476,55,0,3
BRDA:476,55,1,1
BRDA:476,56,0,4
BRDA:476,56,1,3
BRDA:483,57,0,0
BRDA:483,57,1,3
BRDA:484,58,0,2
BRDA:484,58,1,1
BRDA:486,59,0,1
BRDA:486,59,1,1
BRDA:507,60,0,0
BRDA:507,60,1,1
BRDA:510,61,0,1
BRDA:510,61,1,0
BRDA:555,62,0,1
BRDA:555,62,1,4
BRDA:555,63,0,5
BRDA:555,63,1,4
BRDA:561,64,0,4
BRDA:561,64,1,0
BRDA:561,65,0,4
BRDA:561,65,1,4
BRDA:566,66,0,2
BRDA:566,66,1,2
BRDA:566,67,0,4
BRDA:566,67,1,3
BRDA:567,68,0,1
BRDA:567,68,1,1
BRDA:573,69,0,0
BRDA:573,69,1,1
BRDA:584,70,0,1
BRDA:584,70,1,0
BRDA:636,71,0,1
BRDA:636,71,1,4
BRDA:636,72,0,5
BRDA:636,72,1,4
BRDA:642,73,0,4
BRDA:642,73,1,0
BRDA:642,74,0,4
BRDA:642,74,1,4
BRDA:647,75,0,2
BRDA:647,75,1,2
BRDA:647,76,0,4
BRDA:647,76,1,3
BRDA:648,77,0,1
BRDA:648,77,1,1
BRDA:654,78,0,0
BRDA:654,78,1,1
BRDA:665,79,0,1
BRDA:665,79,1,0
BRF:160
BRH:120
end_of_record
TN:
SF:modules\users\pauthorize.js
FN:4,(anonymous_0)
FN:18,(anonymous_1)
FN:33,(anonymous_2)
FN:47,(anonymous_3)
FN:63,(anonymous_4)
FNF:5
FNH:1
FNDA:3,(anonymous_0)
FNDA:0,(anonymous_1)
FNDA:0,(anonymous_2)
FNDA:0,(anonymous_3)
FNDA:0,(anonymous_4)
DA:1,1
DA:3,1
DA:6,3
DA:7,3
DA:8,3
DA:9,3
DA:12,0
DA:15,0
DA:19,0
DA:21,0
DA:22,0
DA:24,0
DA:25,0
DA:30,0
DA:35,0
DA:36,0
DA:37,0
DA:38,0
DA:41,0
DA:44,0
DA:48,0
DA:50,0
DA:51,0
DA:53,0
DA:54,0
DA:59,0
DA:64,0
LF:27
LH:6
BRDA:8,0,0,3
BRDA:8,0,1,0
BRDA:8,1,0,3
BRDA:8,1,1,2
BRDA:8,1,2,2
BRDA:12,2,0,0
BRDA:12,2,1,0
BRDA:19,3,0,0
BRDA:19,3,1,0
BRDA:22,4,0,0
BRDA:22,4,1,0
BRDA:25,5,0,0
BRDA:25,5,1,0
BRDA:37,6,0,0
BRDA:37,6,1,0
BRDA:37,7,0,0
BRDA:37,7,1,0
BRDA:37,7,2,0
BRDA:41,8,0,0
BRDA:41,8,1,0
BRDA:48,9,0,0
BRDA:48,9,1,0
BRDA:51,10,0,0
BRDA:51,10,1,0
BRDA:54,11,0,0
BRDA:54,11,1,0
BRF:26
BRH:4
end_of_record
TN:
SF:modules\users\users.js
FN:39,(anonymous_0)
FN:44,(anonymous_1)
FN:47,(anonymous_2)
FN:52,(anonymous_3)
FN:66,(anonymous_4)
FN:74,(anonymous_5)
FN:76,(anonymous_6)
FN:86,(anonymous_7)
FN:102,(anonymous_8)
FN:105,(anonymous_9)
FN:110,(anonymous_10)
FN:120,(anonymous_11)
FN:123,(anonymous_12)
FN:125,(anonymous_13)
FN:139,(anonymous_14)
FN:142,(anonymous_15)
FN:145,(anonymous_16)
FN:159,(anonymous_17)
FN:162,(anonymous_18)
FN:164,(anonymous_19)
FN:176,(anonymous_20)
FN:179,(anonymous_21)
FN:181,(anonymous_22)
FN:192,(anonymous_23)
FN:194,(anonymous_24)
FN:196,(anonymous_25)
FN:207,(anonymous_26)
FN:209,(anonymous_27)
FN:211,(anonymous_28)
FN:223,(anonymous_29)
FN:224,(anonymous_30)
FN:233,(anonymous_31)
FN:238,(anonymous_32)
FN:249,(anonymous_33)
FN:274,(anonymous_34)
FN:279,(anonymous_35)
FN:299,(anonymous_36)
FNF:37
FNH:31
FNDA:1,(anonymous_0)
FNDA:1,(anonymous_1)
FNDA:2,(anonymous_2)
FNDA:2,(anonymous_3)
FNDA:2,(anonymous_4)
FNDA:2,(anonymous_5)
FNDA:1,(anonymous_6)
FNDA:1,(anonymous_7)
FNDA:1,(anonymous_8)
FNDA:1,(anonymous_9)
FNDA:1,(anonymous_10)
FNDA:2,(anonymous_11)
FNDA:2,(anonymous_12)
FNDA:1,(anonymous_13)
FNDA:2,(anonymous_14)
FNDA:2,(anonymous_15)
FNDA:1,(anonymous_16)
FNDA:2,(anonymous_17)
FNDA:2,(anonymous_18)
FNDA:1,(anonymous_19)
FNDA:2,(anonymous_20)
FNDA:2,(anonymous_21)
FNDA:1,(anonymous_22)
FNDA:2,(anonymous_23)
FNDA:2,(anonymous_24)
FNDA:1,(anonymous_25)
FNDA:2,(anonymous_26)
FNDA:2,(anonymous_27)
FNDA:1,(anonymous_28)
FNDA:1,(anonymous_29)
FNDA:1,(anonymous_30)
FNDA:0,(anonymous_31)
FNDA:0,(anonymous_32)
FNDA:0,(anonymous_33)
FNDA:0,(anonymous_34)
FNDA:0,(anonymous_35)
FNDA:0,(anonymous_36)
DA:3,1
DA:4,1
DA:5,1
DA:6,1
DA:7,1
DA:8,1
DA:9,1
DA:10,1
DA:11,1
DA:12,1
DA:13,1
DA:15,1
DA:19,1
DA:20,1
DA:21,1
DA:24,1
DA:25,1
DA:26,1
DA:27,1
DA:28,1
DA:29,1
DA:30,1
DA:31,1
DA:37,1
DA:39,1
DA:40,1
DA:41,1
DA:44,1
DA:47,1
DA:50,2
DA:52,2
DA:53,2
DA:55,0
DA:59,2
DA:66,1
DA:69,2
DA:70,2
DA:71,2
DA:72,2
DA:73,2
DA:74,2
DA:75,2
DA:76,1
DA:77,1
DA:79,1
DA:86,1
DA:87,1
DA:95,1
DA:102,1
DA:103,1
DA:105,1
DA:107,1
DA:109,1
DA:110,1
DA:111,1
DA:114,0
DA:120,1
DA:121,2
DA:123,2
DA:124,2
DA:125,1
DA:126,1
DA:127,1
DA:129,0
DA:132,1
DA:139,1
DA:140,2
DA:142,2
DA:143,2
DA:145,1
DA:146,1
DA:147,0
DA:148,1
DA:149,1
DA:152,1
DA:159,1
DA:160,2
DA:162,2
DA:163,2
DA:164,1
DA:165,1
DA:168,1
DA:176,1
DA:177,2
DA:179,2
DA:180,2
DA:181,1
DA:182,1
DA:185,1
DA:192,1
DA:193,2
DA:194,2
DA:195,2
DA:196,1
DA:197,1
DA:200,1
DA:207,1
DA:208,2
DA:209,2
DA:210,2
DA:211,1
DA:212,1
DA:213,1
DA:215,0
DA:218,1
DA:223,1
DA:224,1
DA:225,1
DA:226,1
DA:227,1
DA:229,0
DA:233,1
DA:234,0
DA:235,0
DA:236,0
DA:238,0
DA:239,0
DA:241,0
DA:242,0
DA:243,0
DA:244,0
DA:246,0
DA:248,0
DA:249,0
DA:250,0
DA:252,0
DA:253,0
DA:257,0
DA:259,0
DA:274,0
DA:275,0
DA:276,0
DA:277,0
DA:279,0
DA:280,0
DA:282,0
DA:286,0
DA:290,0
DA:292,0
DA:293,0
DA:295,0
DA:299,0
DA:300,0
DA:301,0
DA:303,0
DA:320,1
LF:146
LH:107
BRDA:40,0,0,0
BRDA:40,0,1,1
BRDA:53,1,0,0
BRDA:53,1,1,2
BRDA:75,2,0,1
BRDA:75,2,1,1
BRDA:77,3,0,1
BRDA:77,3,1,0
BRDA:81,4,0,1
BRDA:81,4,1,0
BRDA:82,5,0,1
BRDA:82,5,1,0
BRDA:83,6,0,0
BRDA:83,6,1,1
BRDA:84,7,0,0
BRDA:84,7,1,1
BRDA:107,8,0,1
BRDA:107,8,1,0
BRDA:124,9,0,1
BRDA:124,9,1,1
BRDA:126,10,0,1
BRDA:126,10,1,0
BRDA:143,11,0,1
BRDA:143,11,1,1
BRDA:146,12,0,0
BRDA:146,12,1,1
BRDA:148,13,0,1
BRDA:148,13,1,0
BRDA:163,14,0,1
BRDA:163,14,1,1
BRDA:180,15,0,1
BRDA:180,15,1,1
BRDA:195,16,0,1
BRDA:195,16,1,1
BRDA:210,17,0,1
BRDA:210,17,1,1
BRDA:212,18,0,1
BRDA:212,18,1,0
BRDA:225,19,0,0
BRDA:225,19,1,1
BRDA:226,20,0,1
BRDA:226,20,1,0
BRDA:248,21,0,0
BRDA:248,21,1,0
BRDA:250,22,0,0
BRDA:250,22,1,0
BRDA:257,23,0,0
BRDA:257,23,1,0
BRDA:275,24,0,0
BRDA:275,24,1,0
BRDA:276,25,0,0
BRDA:276,25,1,0
BRDA:280,26,0,0
BRDA:280,26,1,0
BRDA:290,27,0,0
BRDA:290,27,1,0
BRDA:300,28,0,0
BRDA:300,28,1,0
BRF:58
BRH:28
end_of_record
